2018-04-05 11:51:20.448390: W tensorflow/core/platform/cpu_feature_guard.cc:45] The TensorFlow library wasn't compiled to use SSE4.1 instructions, but these are available on your machine and could speed up CPU computations.
2018-04-05 11:51:20.448460: W tensorflow/core/platform/cpu_feature_guard.cc:45] The TensorFlow library wasn't compiled to use SSE4.2 instructions, but these are available on your machine and could speed up CPU computations.
2018-04-05 11:51:20.448469: W tensorflow/core/platform/cpu_feature_guard.cc:45] The TensorFlow library wasn't compiled to use AVX instructions, but these are available on your machine and could speed up CPU computations.
2018-04-05 11:51:20.448475: W tensorflow/core/platform/cpu_feature_guard.cc:45] The TensorFlow library wasn't compiled to use AVX2 instructions, but these are available on your machine and could speed up CPU computations.
2018-04-05 11:51:20.448481: W tensorflow/core/platform/cpu_feature_guard.cc:45] The TensorFlow library wasn't compiled to use FMA instructions, but these are available on your machine and could speed up CPU computations.
DS Store deleted.
Done with the file-creation
Done with the path-creation
Time for path-creation is: 14.57033896446228
101
_________________________________________________________________
Layer (type)                 Output Shape              Param #   
=================================================================
lstm_1 (LSTM)                (None, 2048)              33562624  
_________________________________________________________________
dense_1 (Dense)              (None, 512)               1049088   
_________________________________________________________________
dropout_1 (Dropout)          (None, 512)               0         
_________________________________________________________________
dense_2 (Dense)              (None, 101)               51813     
=================================================================
Total params: 34,663,525
Trainable params: 34,663,525
Non-trainable params: 0
_________________________________________________________________
None
Clean_Data/Train/ApplyEyeMakeup/v_ApplyEyeMakeup_g21_c01 182
Clean_Data/Train/ApplyEyeMakeup/v_ApplyEyeMakeup_g21_c02 96
Clean_Data/Train/ApplyEyeMakeup/v_ApplyEyeMakeup_g21_c03 128
Clean_Data/Train/ApplyEyeMakeup/v_ApplyEyeMakeup_g21_c04 228
Clean_Data/Train/ApplyEyeMakeup/v_ApplyEyeMakeup_g21_c05 91
Clean_Data/Train/ApplyEyeMakeup/v_ApplyEyeMakeup_g10_c01 154
Clean_Data/Train/ApplyEyeMakeup/v_ApplyEyeMakeup_g10_c02 99
Clean_Data/Train/ApplyEyeMakeup/v_ApplyEyeMakeup_g10_c03 107
Clean_Data/Train/ApplyEyeMakeup/v_ApplyEyeMakeup_g10_c04 125
Clean_Data/Train/ApplyEyeMakeup/v_ApplyEyeMakeup_g10_c05 121
Clean_Data/Train/ApplyEyeMakeup/v_ApplyEyeMakeup_g17_c01 117
Clean_Data/Train/ApplyEyeMakeup/v_ApplyEyeMakeup_g17_c02 174
Clean_Data/Train/ApplyEyeMakeup/v_ApplyEyeMakeup_g17_c03 95
Clean_Data/Train/ApplyEyeMakeup/v_ApplyEyeMakeup_g17_c04 106
Clean_Data/Train/ApplyEyeMakeup/v_ApplyEyeMakeup_g17_c05 183
Clean_Data/Train/ApplyEyeMakeup/v_ApplyEyeMakeup_g05_c01 269
Clean_Data/Train/ApplyEyeMakeup/v_ApplyEyeMakeup_g05_c02 265
Clean_Data/Train/ApplyEyeMakeup/v_ApplyEyeMakeup_g05_c03 159
Clean_Data/Train/ApplyEyeMakeup/v_ApplyEyeMakeup_g05_c04 187
Clean_Data/Train/ApplyEyeMakeup/v_ApplyEyeMakeup_g05_c05 228
Clean_Data/Train/ApplyEyeMakeup/v_ApplyEyeMakeup_g05_c06 116
Clean_Data/Train/ApplyEyeMakeup/v_ApplyEyeMakeup_g05_c07 236
Clean_Data/Train/ApplyEyeMakeup/v_ApplyEyeMakeup_g16_c01 126
Clean_Data/Train/ApplyEyeMakeup/v_ApplyEyeMakeup_g16_c02 234
Clean_Data/Train/ApplyEyeMakeup/v_ApplyEyeMakeup_g16_c03 115
Clean_Data/Train/ApplyEyeMakeup/v_ApplyEyeMakeup_g16_c04 99
Clean_Data/Train/ApplyEyeMakeup/v_ApplyEyeMakeup_g16_c05 202
Clean_Data/Train/ApplyEyeMakeup/v_ApplyEyeMakeup_g04_c01 127
Clean_Data/Train/ApplyEyeMakeup/v_ApplyEyeMakeup_g04_c02 133
Clean_Data/Train/ApplyEyeMakeup/v_ApplyEyeMakeup_g04_c03 115
Clean_Data/Train/ApplyEyeMakeup/v_ApplyEyeMakeup_g04_c04 182
Clean_Data/Train/ApplyEyeMakeup/v_ApplyEyeMakeup_g04_c05 107
Clean_Data/Train/ApplyEyeMakeup/v_ApplyEyeMakeup_g04_c06 249
Clean_Data/Train/ApplyEyeMakeup/v_ApplyEyeMakeup_g04_c07 159
Clean_Data/Train/ApplyEyeMakeup/v_ApplyEyeMakeup_g24_c01 259
Clean_Data/Train/ApplyEyeMakeup/v_ApplyEyeMakeup_g24_c02 106
Clean_Data/Train/ApplyEyeMakeup/v_ApplyEyeMakeup_g24_c03 103
Clean_Data/Train/ApplyEyeMakeup/v_ApplyEyeMakeup_g24_c04 209
Clean_Data/Train/ApplyEyeMakeup/v_ApplyEyeMakeup_g24_c05 200
Clean_Data/Train/ApplyEyeMakeup/v_ApplyEyeMakeup_g24_c06 223
Clean_Data/Train/ApplyEyeMakeup/v_ApplyEyeMakeup_g24_c07 195
Clean_Data/Train/ApplyEyeMakeup/v_ApplyEyeMakeup_g09_c01 177
Clean_Data/Train/ApplyEyeMakeup/v_ApplyEyeMakeup_g09_c02 259
Clean_Data/Train/ApplyEyeMakeup/v_ApplyEyeMakeup_g09_c03 211
Clean_Data/Train/ApplyEyeMakeup/v_ApplyEyeMakeup_g09_c04 192
Clean_Data/Train/ApplyEyeMakeup/v_ApplyEyeMakeup_g09_c05 195
Clean_Data/Train/ApplyEyeMakeup/v_ApplyEyeMakeup_g09_c06 189
Clean_Data/Train/ApplyEyeMakeup/v_ApplyEyeMakeup_g09_c07 262
Clean_Data/Train/ApplyEyeMakeup/v_ApplyEyeMakeup_g19_c01 181
Clean_Data/Train/ApplyEyeMakeup/v_ApplyEyeMakeup_g19_c02 244
Clean_Data/Train/ApplyEyeMakeup/v_ApplyEyeMakeup_g19_c03 127
Clean_Data/Train/ApplyEyeMakeup/v_ApplyEyeMakeup_g19_c04 132
Clean_Data/Train/ApplyEyeMakeup/v_ApplyEyeMakeup_g13_c01 176
Clean_Data/Train/ApplyEyeMakeup/v_ApplyEyeMakeup_g13_c02 100
Clean_Data/Train/ApplyEyeMakeup/v_ApplyEyeMakeup_g13_c03 169
Clean_Data/Train/ApplyEyeMakeup/v_ApplyEyeMakeup_g13_c04 121
Clean_Data/Train/ApplyEyeMakeup/v_ApplyEyeMakeup_g13_c05 120
Clean_Data/Train/ApplyEyeMakeup/v_ApplyEyeMakeup_g13_c06 138
Clean_Data/Train/ApplyEyeMakeup/v_ApplyEyeMakeup_g11_c01 141
Clean_Data/Train/ApplyEyeMakeup/v_ApplyEyeMakeup_g11_c02 179
Clean_Data/Train/ApplyEyeMakeup/v_ApplyEyeMakeup_g11_c03 126
Clean_Data/Train/ApplyEyeMakeup/v_ApplyEyeMakeup_g11_c04 139
Clean_Data/Train/ApplyEyeMakeup/v_ApplyEyeMakeup_g11_c05 181
Clean_Data/Train/ApplyEyeMakeup/v_ApplyEyeMakeup_g20_c01 183
Clean_Data/Train/ApplyEyeMakeup/v_ApplyEyeMakeup_g20_c02 159
Clean_Data/Train/ApplyEyeMakeup/v_ApplyEyeMakeup_g20_c03 131
Clean_Data/Train/ApplyEyeMakeup/v_ApplyEyeMakeup_g20_c04 221
Clean_Data/Train/ApplyEyeMakeup/v_ApplyEyeMakeup_g20_c05 114
Clean_Data/Train/ApplyEyeMakeup/v_ApplyEyeMakeup_g20_c06 182
Clean_Data/Train/ApplyEyeMakeup/v_ApplyEyeMakeup_g15_c01 170
Clean_Data/Train/ApplyEyeMakeup/v_ApplyEyeMakeup_g15_c02 194
Clean_Data/Train/ApplyEyeMakeup/v_ApplyEyeMakeup_g15_c03 233
Clean_Data/Train/ApplyEyeMakeup/v_ApplyEyeMakeup_g15_c04 188
Clean_Data/Train/ApplyEyeMakeup/v_ApplyEyeMakeup_g15_c05 260
Clean_Data/Train/ApplyEyeMakeup/v_ApplyEyeMakeup_g15_c06 198
Clean_Data/Train/ApplyEyeMakeup/v_ApplyEyeMakeup_g15_c07 183
Clean_Data/Train/ApplyEyeMakeup/v_ApplyEyeMakeup_g01_c01 165
Clean_Data/Train/ApplyEyeMakeup/v_ApplyEyeMakeup_g01_c02 124
Clean_Data/Train/ApplyEyeMakeup/v_ApplyEyeMakeup_g01_c03 260
Clean_Data/Train/ApplyEyeMakeup/v_ApplyEyeMakeup_g01_c04 236
Clean_Data/Train/ApplyEyeMakeup/v_ApplyEyeMakeup_g01_c05 297
Clean_Data/Train/ApplyEyeMakeup/v_ApplyEyeMakeup_g01_c06 123
Clean_Data/Train/ApplyEyeMakeup/v_ApplyEyeMakeup_g07_c01 159
Clean_Data/Train/ApplyEyeMakeup/v_ApplyEyeMakeup_g07_c02 169
Clean_Data/Train/ApplyEyeMakeup/v_ApplyEyeMakeup_g07_c03 134
Clean_Data/Train/ApplyEyeMakeup/v_ApplyEyeMakeup_g07_c04 143
Clean_Data/Train/ApplyEyeMakeup/v_ApplyEyeMakeup_g07_c05 99
Clean_Data/Train/ApplyEyeMakeup/v_ApplyEyeMakeup_g07_c06 163
Clean_Data/Train/ApplyEyeMakeup/v_ApplyEyeMakeup_g07_c07 115
Clean_Data/Train/ApplyEyeMakeup/v_ApplyEyeMakeup_g08_c01 121
Clean_Data/Train/ApplyEyeMakeup/v_ApplyEyeMakeup_g08_c02 118
Clean_Data/Train/ApplyEyeMakeup/v_ApplyEyeMakeup_g08_c03 147
Clean_Data/Train/ApplyEyeMakeup/v_ApplyEyeMakeup_g08_c04 225
Clean_Data/Train/ApplyEyeMakeup/v_ApplyEyeMakeup_g08_c05 277
Clean_Data/Train/ApplyEyeMakeup/v_ApplyEyeMakeup_g23_c01 136
Clean_Data/Train/ApplyEyeMakeup/v_ApplyEyeMakeup_g23_c02 132
Clean_Data/Train/ApplyEyeMakeup/v_ApplyEyeMakeup_g23_c03 126
Clean_Data/Train/ApplyEyeMakeup/v_ApplyEyeMakeup_g23_c04 201
Clean_Data/Train/ApplyEyeMakeup/v_ApplyEyeMakeup_g23_c05 205
Clean_Data/Train/ApplyEyeMakeup/v_ApplyEyeMakeup_g23_c06 141
Clean_Data/Train/ApplyEyeMakeup/v_ApplyEyeMakeup_g22_c01 171
Clean_Data/Train/ApplyEyeMakeup/v_ApplyEyeMakeup_g22_c02 258
Clean_Data/Train/ApplyEyeMakeup/v_ApplyEyeMakeup_g22_c03 148
Clean_Data/Train/ApplyEyeMakeup/v_ApplyEyeMakeup_g22_c04 209
Clean_Data/Train/ApplyEyeMakeup/v_ApplyEyeMakeup_g22_c05 244
Clean_Data/Train/ApplyEyeMakeup/v_ApplyEyeMakeup_g03_c01 210
Clean_Data/Train/ApplyEyeMakeup/v_ApplyEyeMakeup_g03_c02 135
Clean_Data/Train/ApplyEyeMakeup/v_ApplyEyeMakeup_g03_c03 116
Clean_Data/Train/ApplyEyeMakeup/v_ApplyEyeMakeup_g03_c04 109
Clean_Data/Train/ApplyEyeMakeup/v_ApplyEyeMakeup_g03_c05 147
Clean_Data/Train/ApplyEyeMakeup/v_ApplyEyeMakeup_g03_c06 153
Clean_Data/Train/ApplyEyeMakeup/v_ApplyEyeMakeup_g14_c01 186
Clean_Data/Train/ApplyEyeMakeup/v_ApplyEyeMakeup_g14_c02 187
Clean_Data/Train/ApplyEyeMakeup/v_ApplyEyeMakeup_g14_c03 238
Clean_Data/Train/ApplyEyeMakeup/v_ApplyEyeMakeup_g14_c04 133
Clean_Data/Train/ApplyEyeMakeup/v_ApplyEyeMakeup_g14_c05 161
Clean_Data/Train/ApplyLipstick/v_ApplyLipstick_g09_c01 100
Clean_Data/Train/ApplyLipstick/v_ApplyLipstick_g09_c02 245
Clean_Data/Train/ApplyLipstick/v_ApplyLipstick_g09_c03 248
Clean_Data/Train/ApplyLipstick/v_ApplyLipstick_g09_c04 211
Clean_Data/Train/ApplyLipstick/v_ApplyLipstick_g23_c01 212
Clean_Data/Train/ApplyLipstick/v_ApplyLipstick_g23_c02 152
Clean_Data/Train/ApplyLipstick/v_ApplyLipstick_g23_c03 135
Clean_Data/Train/ApplyLipstick/v_ApplyLipstick_g23_c04 218
Clean_Data/Train/ApplyLipstick/v_ApplyLipstick_g10_c01 106
Clean_Data/Train/ApplyLipstick/v_ApplyLipstick_g10_c02 140
Clean_Data/Train/ApplyLipstick/v_ApplyLipstick_g10_c03 118
Clean_Data/Train/ApplyLipstick/v_ApplyLipstick_g10_c04 248
Clean_Data/Train/ApplyLipstick/v_ApplyLipstick_g22_c01 178
Clean_Data/Train/ApplyLipstick/v_ApplyLipstick_g22_c02 176
Clean_Data/Train/ApplyLipstick/v_ApplyLipstick_g22_c03 169
Clean_Data/Train/ApplyLipstick/v_ApplyLipstick_g22_c04 177
Clean_Data/Train/ApplyLipstick/v_ApplyLipstick_g22_c05 263
Clean_Data/Train/ApplyLipstick/v_ApplyLipstick_g22_c06 172
Clean_Data/Train/ApplyLipstick/v_ApplyLipstick_g22_c07 89
Clean_Data/Train/ApplyLipstick/v_ApplyLipstick_g12_c01 199
Clean_Data/Train/ApplyLipstick/v_ApplyLipstick_g12_c02 107
Clean_Data/Train/ApplyLipstick/v_ApplyLipstick_g12_c03 142
Clean_Data/Train/ApplyLipstick/v_ApplyLipstick_g12_c04 278
Clean_Data/Train/ApplyLipstick/v_ApplyLipstick_g12_c05 179
Clean_Data/Train/ApplyLipstick/v_ApplyLipstick_g04_c01 99
Clean_Data/Train/ApplyLipstick/v_ApplyLipstick_g04_c02 145
Clean_Data/Train/ApplyLipstick/v_ApplyLipstick_g04_c03 151
Clean_Data/Train/ApplyLipstick/v_ApplyLipstick_g04_c04 259
Clean_Data/Train/ApplyLipstick/v_ApplyLipstick_g04_c05 170
Clean_Data/Train/ApplyLipstick/v_ApplyLipstick_g21_c01 85
Clean_Data/Train/ApplyLipstick/v_ApplyLipstick_g21_c02 157
Clean_Data/Train/ApplyLipstick/v_ApplyLipstick_g21_c03 143
Clean_Data/Train/ApplyLipstick/v_ApplyLipstick_g21_c04 193
Clean_Data/Train/ApplyLipstick/v_ApplyLipstick_g21_c05 132
Clean_Data/Train/ApplyLipstick/v_ApplyLipstick_g25_c01 161
Clean_Data/Train/ApplyLipstick/v_ApplyLipstick_g25_c02 151
Clean_Data/Train/ApplyLipstick/v_ApplyLipstick_g25_c03 186
Clean_Data/Train/ApplyLipstick/v_ApplyLipstick_g25_c04 201
Clean_Data/Train/ApplyLipstick/v_ApplyLipstick_g24_c01 114
Clean_Data/Train/ApplyLipstick/v_ApplyLipstick_g24_c02 219
Clean_Data/Train/ApplyLipstick/v_ApplyLipstick_g24_c03 117
Clean_Data/Train/ApplyLipstick/v_ApplyLipstick_g24_c04 117
Clean_Data/Train/ApplyLipstick/v_ApplyLipstick_g24_c05 288
Clean_Data/Train/ApplyLipstick/v_ApplyLipstick_g05_c01 178
Clean_Data/Train/ApplyLipstick/v_ApplyLipstick_g05_c02 155
Clean_Data/Train/ApplyLipstick/v_ApplyLipstick_g05_c03 114
Clean_Data/Train/ApplyLipstick/v_ApplyLipstick_g05_c04 121
Clean_Data/Train/ApplyLipstick/v_ApplyLipstick_g05_c05 157
Clean_Data/Train/ApplyLipstick/v_ApplyLipstick_g20_c01 97
Clean_Data/Train/ApplyLipstick/v_ApplyLipstick_g20_c02 108
Clean_Data/Train/ApplyLipstick/v_ApplyLipstick_g20_c03 194
Clean_Data/Train/ApplyLipstick/v_ApplyLipstick_g20_c04 140
Clean_Data/Train/ApplyLipstick/v_ApplyLipstick_g20_c05 90
Clean_Data/Train/ApplyLipstick/v_ApplyLipstick_g16_c01 129
Clean_Data/Train/ApplyLipstick/v_ApplyLipstick_g16_c02 166
Clean_Data/Train/ApplyLipstick/v_ApplyLipstick_g16_c03 146
Clean_Data/Train/ApplyLipstick/v_ApplyLipstick_g16_c04 174
Clean_Data/Train/ApplyLipstick/v_ApplyLipstick_g16_c05 157
Clean_Data/Train/ApplyLipstick/v_ApplyLipstick_g15_c01 161
Clean_Data/Train/ApplyLipstick/v_ApplyLipstick_g15_c02 137
Clean_Data/Train/ApplyLipstick/v_ApplyLipstick_g15_c03 134
Clean_Data/Train/ApplyLipstick/v_ApplyLipstick_g15_c04 152
Clean_Data/Train/ApplyLipstick/v_ApplyLipstick_g15_c05 142
Clean_Data/Train/ApplyLipstick/v_ApplyLipstick_g03_c01 181
Clean_Data/Train/ApplyLipstick/v_ApplyLipstick_g03_c02 109
Clean_Data/Train/ApplyLipstick/v_ApplyLipstick_g03_c03 155
Clean_Data/Train/ApplyLipstick/v_ApplyLipstick_g03_c04 143
Clean_Data/Train/ApplyLipstick/v_ApplyLipstick_g19_c01 176
Clean_Data/Train/ApplyLipstick/v_ApplyLipstick_g19_c02 112
Clean_Data/Train/ApplyLipstick/v_ApplyLipstick_g19_c03 155
Clean_Data/Train/ApplyLipstick/v_ApplyLipstick_g19_c04 156
Clean_Data/Train/ApplyLipstick/v_ApplyLipstick_g02_c01 128
Clean_Data/Train/ApplyLipstick/v_ApplyLipstick_g02_c02 119
Clean_Data/Train/ApplyLipstick/v_ApplyLipstick_g02_c03 99
Clean_Data/Train/ApplyLipstick/v_ApplyLipstick_g02_c04 186
Clean_Data/Train/ApplyLipstick/v_ApplyLipstick_g08_c01 182
Clean_Data/Train/ApplyLipstick/v_ApplyLipstick_g08_c02 220
Clean_Data/Train/ApplyLipstick/v_ApplyLipstick_g08_c03 271
Clean_Data/Train/ApplyLipstick/v_ApplyLipstick_g08_c04 311
Clean_Data/Train/ApplyLipstick/v_ApplyLipstick_g01_c01 149
Clean_Data/Train/ApplyLipstick/v_ApplyLipstick_g01_c02 161
Clean_Data/Train/ApplyLipstick/v_ApplyLipstick_g01_c03 310
Clean_Data/Train/ApplyLipstick/v_ApplyLipstick_g01_c04 370
Clean_Data/Train/ApplyLipstick/v_ApplyLipstick_g01_c05 214
Clean_Data/Train/ApplyLipstick/v_ApplyLipstick_g14_c01 177
Clean_Data/Train/ApplyLipstick/v_ApplyLipstick_g14_c02 191
Clean_Data/Train/ApplyLipstick/v_ApplyLipstick_g14_c03 175
Clean_Data/Train/ApplyLipstick/v_ApplyLipstick_g14_c04 106
Clean_Data/Train/ApplyLipstick/v_ApplyLipstick_g06_c01 461
Clean_Data/Train/ApplyLipstick/v_ApplyLipstick_g06_c02 250
Clean_Data/Train/ApplyLipstick/v_ApplyLipstick_g06_c03 154
Clean_Data/Train/ApplyLipstick/v_ApplyLipstick_g06_c04 524
Clean_Data/Train/ApplyLipstick/v_ApplyLipstick_g06_c05 322
Clean_Data/Train/Archery/v_Archery_g20_c01 92
Clean_Data/Train/Archery/v_Archery_g20_c02 86
Clean_Data/Train/Archery/v_Archery_g20_c03 95
Clean_Data/Train/Archery/v_Archery_g20_c04 100
Clean_Data/Train/Archery/v_Archery_g20_c05 121
Clean_Data/Train/Archery/v_Archery_g20_c06 117
Clean_Data/Train/Archery/v_Archery_g20_c07 99
Clean_Data/Train/Archery/v_Archery_g18_c01 168
Clean_Data/Train/Archery/v_Archery_g18_c02 292
Clean_Data/Train/Archery/v_Archery_g18_c03 200
Clean_Data/Train/Archery/v_Archery_g18_c04 169
Clean_Data/Train/Archery/v_Archery_g18_c05 153
Clean_Data/Train/Archery/v_Archery_g18_c06 161
Clean_Data/Train/Archery/v_Archery_g18_c07 141
Clean_Data/Train/Archery/v_Archery_g24_c01 92
Clean_Data/Train/Archery/v_Archery_g24_c02 242
Clean_Data/Train/Archery/v_Archery_g24_c03 111
Clean_Data/Train/Archery/v_Archery_g24_c04 122
Clean_Data/Train/Archery/v_Archery_g24_c05 128
Clean_Data/Train/Archery/v_Archery_g24_c06 123
Clean_Data/Train/Archery/v_Archery_g23_c01 124
Clean_Data/Train/Archery/v_Archery_g23_c02 116
Clean_Data/Train/Archery/v_Archery_g23_c03 112
Clean_Data/Train/Archery/v_Archery_g23_c04 106
Clean_Data/Train/Archery/v_Archery_g23_c05 92
Clean_Data/Train/Archery/v_Archery_g23_c06 87
Clean_Data/Train/Archery/v_Archery_g23_c07 85
Clean_Data/Train/Archery/v_Archery_g17_c01 147
Clean_Data/Train/Archery/v_Archery_g17_c02 95
Clean_Data/Train/Archery/v_Archery_g17_c03 97
Clean_Data/Train/Archery/v_Archery_g17_c04 67
Clean_Data/Train/Archery/v_Archery_g02_c01 158
Clean_Data/Train/Archery/v_Archery_g02_c02 160
Clean_Data/Train/Archery/v_Archery_g02_c03 138
Clean_Data/Train/Archery/v_Archery_g02_c04 109
Clean_Data/Train/Archery/v_Archery_g02_c05 127
Clean_Data/Train/Archery/v_Archery_g02_c06 113
Clean_Data/Train/Archery/v_Archery_g02_c07 166
Clean_Data/Train/Archery/v_Archery_g11_c01 194
Clean_Data/Train/Archery/v_Archery_g11_c02 303
Clean_Data/Train/Archery/v_Archery_g11_c03 296
Clean_Data/Train/Archery/v_Archery_g11_c04 259
Clean_Data/Train/Archery/v_Archery_g11_c05 211
Clean_Data/Train/Archery/v_Archery_g11_c06 244
Clean_Data/Train/Archery/v_Archery_g11_c07 265
Clean_Data/Train/Archery/v_Archery_g14_c01 208
Clean_Data/Train/Archery/v_Archery_g14_c02 221
Clean_Data/Train/Archery/v_Archery_g14_c03 170
Clean_Data/Train/Archery/v_Archery_g14_c04 245
Clean_Data/Train/Archery/v_Archery_g12_c01 355
Clean_Data/Train/Archery/v_Archery_g12_c02 398
Clean_Data/Train/Archery/v_Archery_g12_c03 436
Clean_Data/Train/Archery/v_Archery_g12_c04 195
Clean_Data/Train/Archery/v_Archery_g04_c01 165
Clean_Data/Train/Archery/v_Archery_g04_c02 173
Clean_Data/Train/Archery/v_Archery_g04_c03 140
Clean_Data/Train/Archery/v_Archery_g04_c04 135
Clean_Data/Train/Archery/v_Archery_g04_c05 149
Clean_Data/Train/Archery/v_Archery_g13_c01 150
Clean_Data/Train/Archery/v_Archery_g13_c02 148
Clean_Data/Train/Archery/v_Archery_g13_c03 161
Clean_Data/Train/Archery/v_Archery_g13_c04 167
Clean_Data/Train/Archery/v_Archery_g13_c05 186
Clean_Data/Train/Archery/v_Archery_g13_c06 165
Clean_Data/Train/Archery/v_Archery_g13_c07 191
Clean_Data/Train/Archery/v_Archery_g06_c01 81
Clean_Data/Train/Archery/v_Archery_g06_c02 116
Clean_Data/Train/Archery/v_Archery_g06_c03 87
Clean_Data/Train/Archery/v_Archery_g06_c04 104
Clean_Data/Train/Archery/v_Archery_g06_c05 130
Clean_Data/Train/Archery/v_Archery_g06_c06 132
Clean_Data/Train/Archery/v_Archery_g10_c01 111
Clean_Data/Train/Archery/v_Archery_g10_c02 140
Clean_Data/Train/Archery/v_Archery_g10_c03 203
Clean_Data/Train/Archery/v_Archery_g10_c04 208
Clean_Data/Train/Archery/v_Archery_g10_c05 188
Clean_Data/Train/Archery/v_Archery_g10_c06 176
Clean_Data/Train/Archery/v_Archery_g10_c07 126
Clean_Data/Train/Archery/v_Archery_g05_c01 456
Clean_Data/Train/Archery/v_Archery_g05_c02 558
Clean_Data/Train/Archery/v_Archery_g05_c03 489
Clean_Data/Train/Archery/v_Archery_g05_c04 52
Clean_Data/Train/Archery/v_Archery_g05_c05 197
Clean_Data/Train/Archery/v_Archery_g08_c01 363
Clean_Data/Train/Archery/v_Archery_g08_c02 116
Clean_Data/Train/Archery/v_Archery_g08_c03 326
Clean_Data/Train/Archery/v_Archery_g08_c04 343
Clean_Data/Train/Archery/v_Archery_g08_c05 367
Clean_Data/Train/Archery/v_Archery_g19_c01 131
Clean_Data/Train/Archery/v_Archery_g19_c02 91
Clean_Data/Train/Archery/v_Archery_g19_c03 160
Clean_Data/Train/Archery/v_Archery_g19_c04 93
Clean_Data/Train/Archery/v_Archery_g15_c01 111
Clean_Data/Train/Archery/v_Archery_g15_c02 185
Clean_Data/Train/Archery/v_Archery_g15_c03 186
Clean_Data/Train/Archery/v_Archery_g15_c04 204
Clean_Data/Train/Archery/v_Archery_g15_c05 176
Clean_Data/Train/Archery/v_Archery_g15_c06 175
Clean_Data/Train/Archery/v_Archery_g15_c07 176
Clean_Data/Train/Archery/v_Archery_g09_c01 100
Clean_Data/Train/Archery/v_Archery_g09_c02 84
Clean_Data/Train/Archery/v_Archery_g09_c03 83
Clean_Data/Train/Archery/v_Archery_g09_c04 96
Clean_Data/Train/Archery/v_Archery_g09_c05 97
Clean_Data/Train/Archery/v_Archery_g09_c06 86
Clean_Data/Train/Archery/v_Archery_g09_c07 108
Clean_Data/Train/Archery/v_Archery_g07_c01 92
Clean_Data/Train/Archery/v_Archery_g07_c02 73
Clean_Data/Train/Archery/v_Archery_g07_c03 52
Clean_Data/Train/Archery/v_Archery_g07_c04 52
Clean_Data/Train/Archery/v_Archery_g07_c05 65
Clean_Data/Train/Archery/v_Archery_g07_c06 68
Clean_Data/Train/Archery/v_Archery_g01_c01 131
Clean_Data/Train/Archery/v_Archery_g01_c02 142
Clean_Data/Train/Archery/v_Archery_g01_c03 158
Clean_Data/Train/Archery/v_Archery_g01_c04 125
Clean_Data/Train/Archery/v_Archery_g01_c05 135
Clean_Data/Train/Archery/v_Archery_g01_c06 108
Clean_Data/Train/Archery/v_Archery_g01_c07 143
Clean_Data/Train/BabyCrawling/v_BabyCrawling_g08_c01 206
Clean_Data/Train/BabyCrawling/v_BabyCrawling_g08_c02 112
Clean_Data/Train/BabyCrawling/v_BabyCrawling_g08_c03 114
Clean_Data/Train/BabyCrawling/v_BabyCrawling_g08_c04 96
Clean_Data/Train/BabyCrawling/v_BabyCrawling_g07_c01 204
Clean_Data/Train/BabyCrawling/v_BabyCrawling_g07_c02 146
Clean_Data/Train/BabyCrawling/v_BabyCrawling_g07_c03 172
Clean_Data/Train/BabyCrawling/v_BabyCrawling_g07_c04 216
Clean_Data/Train/BabyCrawling/v_BabyCrawling_g07_c05 142
Clean_Data/Train/BabyCrawling/v_BabyCrawling_g07_c06 211
Clean_Data/Train/BabyCrawling/v_BabyCrawling_g10_c01 143
Clean_Data/Train/BabyCrawling/v_BabyCrawling_g10_c02 117
Clean_Data/Train/BabyCrawling/v_BabyCrawling_g10_c03 101
Clean_Data/Train/BabyCrawling/v_BabyCrawling_g10_c04 185
Clean_Data/Train/BabyCrawling/v_BabyCrawling_g10_c05 121
Clean_Data/Train/BabyCrawling/v_BabyCrawling_g23_c01 117
Clean_Data/Train/BabyCrawling/v_BabyCrawling_g23_c02 112
Clean_Data/Train/BabyCrawling/v_BabyCrawling_g23_c03 112
Clean_Data/Train/BabyCrawling/v_BabyCrawling_g23_c04 180
Clean_Data/Train/BabyCrawling/v_BabyCrawling_g11_c01 107
Clean_Data/Train/BabyCrawling/v_BabyCrawling_g11_c02 104
Clean_Data/Train/BabyCrawling/v_BabyCrawling_g11_c03 100
Clean_Data/Train/BabyCrawling/v_BabyCrawling_g11_c04 110
Clean_Data/Train/BabyCrawling/v_BabyCrawling_g13_c01 142
Clean_Data/Train/BabyCrawling/v_BabyCrawling_g13_c02 127
Clean_Data/Train/BabyCrawling/v_BabyCrawling_g13_c03 111
Clean_Data/Train/BabyCrawling/v_BabyCrawling_g13_c04 149
Clean_Data/Train/BabyCrawling/v_BabyCrawling_g13_c05 86
Clean_Data/Train/BabyCrawling/v_BabyCrawling_g13_c06 168
Clean_Data/Train/BabyCrawling/v_BabyCrawling_g25_c01 294
Clean_Data/Train/BabyCrawling/v_BabyCrawling_g25_c02 153
Clean_Data/Train/BabyCrawling/v_BabyCrawling_g25_c03 143
Clean_Data/Train/BabyCrawling/v_BabyCrawling_g25_c04 159
Clean_Data/Train/BabyCrawling/v_BabyCrawling_g25_c05 175
Clean_Data/Train/BabyCrawling/v_BabyCrawling_g25_c06 249
Clean_Data/Train/BabyCrawling/v_BabyCrawling_g09_c01 145
Clean_Data/Train/BabyCrawling/v_BabyCrawling_g09_c02 223
Clean_Data/Train/BabyCrawling/v_BabyCrawling_g09_c03 137
Clean_Data/Train/BabyCrawling/v_BabyCrawling_g09_c04 207
Clean_Data/Train/BabyCrawling/v_BabyCrawling_g09_c05 105
Clean_Data/Train/BabyCrawling/v_BabyCrawling_g09_c06 120
Clean_Data/Train/BabyCrawling/v_BabyCrawling_g16_c01 159
Clean_Data/Train/BabyCrawling/v_BabyCrawling_g16_c02 196
Clean_Data/Train/BabyCrawling/v_BabyCrawling_g16_c03 172
Clean_Data/Train/BabyCrawling/v_BabyCrawling_g16_c04 208
Clean_Data/Train/BabyCrawling/v_BabyCrawling_g16_c05 224
Clean_Data/Train/BabyCrawling/v_BabyCrawling_g16_c06 192
Clean_Data/Train/BabyCrawling/v_BabyCrawling_g12_c01 104
Clean_Data/Train/BabyCrawling/v_BabyCrawling_g12_c02 140
Clean_Data/Train/BabyCrawling/v_BabyCrawling_g12_c03 97
Clean_Data/Train/BabyCrawling/v_BabyCrawling_g12_c04 105
Clean_Data/Train/BabyCrawling/v_BabyCrawling_g12_c05 186
Clean_Data/Train/BabyCrawling/v_BabyCrawling_g12_c06 125
Clean_Data/Train/BabyCrawling/v_BabyCrawling_g01_c01 165
Clean_Data/Train/BabyCrawling/v_BabyCrawling_g01_c02 165
Clean_Data/Train/BabyCrawling/v_BabyCrawling_g01_c03 156
Clean_Data/Train/BabyCrawling/v_BabyCrawling_g01_c04 219
Clean_Data/Train/BabyCrawling/v_BabyCrawling_g06_c01 199
Clean_Data/Train/BabyCrawling/v_BabyCrawling_g06_c02 168
Clean_Data/Train/BabyCrawling/v_BabyCrawling_g06_c03 202
Clean_Data/Train/BabyCrawling/v_BabyCrawling_g06_c04 114
Clean_Data/Train/BabyCrawling/v_BabyCrawling_g06_c05 259
Clean_Data/Train/BabyCrawling/v_BabyCrawling_g06_c06 330
Clean_Data/Train/BabyCrawling/v_BabyCrawling_g04_c01 128
Clean_Data/Train/BabyCrawling/v_BabyCrawling_g04_c02 179
Clean_Data/Train/BabyCrawling/v_BabyCrawling_g04_c03 160
Clean_Data/Train/BabyCrawling/v_BabyCrawling_g04_c04 205
Clean_Data/Train/BabyCrawling/v_BabyCrawling_g22_c01 243
Clean_Data/Train/BabyCrawling/v_BabyCrawling_g22_c02 198
Clean_Data/Train/BabyCrawling/v_BabyCrawling_g22_c03 160
Clean_Data/Train/BabyCrawling/v_BabyCrawling_g22_c04 194
Clean_Data/Train/BabyCrawling/v_BabyCrawling_g22_c05 183
Clean_Data/Train/BabyCrawling/v_BabyCrawling_g22_c06 93
Clean_Data/Train/BabyCrawling/v_BabyCrawling_g22_c07 117
Clean_Data/Train/BabyCrawling/v_BabyCrawling_g21_c01 152
Clean_Data/Train/BabyCrawling/v_BabyCrawling_g21_c02 119
Clean_Data/Train/BabyCrawling/v_BabyCrawling_g21_c03 146
Clean_Data/Train/BabyCrawling/v_BabyCrawling_g21_c04 190
Clean_Data/Train/BabyCrawling/v_BabyCrawling_g24_c01 195
Clean_Data/Train/BabyCrawling/v_BabyCrawling_g24_c02 180
Clean_Data/Train/BabyCrawling/v_BabyCrawling_g24_c03 125
Clean_Data/Train/BabyCrawling/v_BabyCrawling_g24_c04 118
Clean_Data/Train/BabyCrawling/v_BabyCrawling_g24_c05 113
Clean_Data/Train/BabyCrawling/v_BabyCrawling_g24_c06 181
Clean_Data/Train/BabyCrawling/v_BabyCrawling_g02_c01 110
Clean_Data/Train/BabyCrawling/v_BabyCrawling_g02_c02 113
Clean_Data/Train/BabyCrawling/v_BabyCrawling_g02_c03 118
Clean_Data/Train/BabyCrawling/v_BabyCrawling_g02_c04 106
Clean_Data/Train/BabyCrawling/v_BabyCrawling_g02_c05 85
Clean_Data/Train/BabyCrawling/v_BabyCrawling_g02_c06 191
Clean_Data/Train/BabyCrawling/v_BabyCrawling_g14_c01 123
Clean_Data/Train/BabyCrawling/v_BabyCrawling_g14_c02 109
Clean_Data/Train/BabyCrawling/v_BabyCrawling_g14_c03 177
Clean_Data/Train/BabyCrawling/v_BabyCrawling_g14_c04 223
Clean_Data/Train/BabyCrawling/v_BabyCrawling_g18_c01 199
Clean_Data/Train/BabyCrawling/v_BabyCrawling_g18_c02 228
Clean_Data/Train/BabyCrawling/v_BabyCrawling_g18_c03 165
Clean_Data/Train/BabyCrawling/v_BabyCrawling_g18_c04 205
Clean_Data/Train/BabyCrawling/v_BabyCrawling_g18_c05 173
Clean_Data/Train/BabyCrawling/v_BabyCrawling_g18_c06 181
Clean_Data/Train/BabyCrawling/v_BabyCrawling_g17_c01 142
Clean_Data/Train/BabyCrawling/v_BabyCrawling_g17_c02 118
Clean_Data/Train/BabyCrawling/v_BabyCrawling_g17_c03 109
Clean_Data/Train/BabyCrawling/v_BabyCrawling_g17_c04 175
Clean_Data/Train/BabyCrawling/v_BabyCrawling_g17_c05 110
Clean_Data/Train/BalanceBeam/v_BalanceBeam_g07_c01 79
Clean_Data/Train/BalanceBeam/v_BalanceBeam_g07_c02 111
Clean_Data/Train/BalanceBeam/v_BalanceBeam_g07_c03 203
Clean_Data/Train/BalanceBeam/v_BalanceBeam_g07_c04 108
Clean_Data/Train/BalanceBeam/v_BalanceBeam_g13_c01 137
Clean_Data/Train/BalanceBeam/v_BalanceBeam_g13_c02 126
Clean_Data/Train/BalanceBeam/v_BalanceBeam_g13_c03 138
Clean_Data/Train/BalanceBeam/v_BalanceBeam_g13_c04 66
Clean_Data/Train/BalanceBeam/v_BalanceBeam_g13_c05 110
Clean_Data/Train/BalanceBeam/v_BalanceBeam_g23_c01 126
Clean_Data/Train/BalanceBeam/v_BalanceBeam_g23_c02 90
Clean_Data/Train/BalanceBeam/v_BalanceBeam_g23_c03 58
Clean_Data/Train/BalanceBeam/v_BalanceBeam_g23_c04 108
Clean_Data/Train/BalanceBeam/v_BalanceBeam_g23_c05 112
Clean_Data/Train/BalanceBeam/v_BalanceBeam_g19_c01 154
Clean_Data/Train/BalanceBeam/v_BalanceBeam_g19_c02 92
Clean_Data/Train/BalanceBeam/v_BalanceBeam_g19_c03 119
Clean_Data/Train/BalanceBeam/v_BalanceBeam_g19_c04 126
Clean_Data/Train/BalanceBeam/v_BalanceBeam_g09_c01 101
Clean_Data/Train/BalanceBeam/v_BalanceBeam_g09_c02 80
Clean_Data/Train/BalanceBeam/v_BalanceBeam_g09_c03 175
Clean_Data/Train/BalanceBeam/v_BalanceBeam_g09_c04 207
Clean_Data/Train/BalanceBeam/v_BalanceBeam_g01_c01 126
Clean_Data/Train/BalanceBeam/v_BalanceBeam_g01_c02 91
Clean_Data/Train/BalanceBeam/v_BalanceBeam_g01_c03 113
Clean_Data/Train/BalanceBeam/v_BalanceBeam_g01_c04 112
Clean_Data/Train/BalanceBeam/v_BalanceBeam_g25_c01 81
Clean_Data/Train/BalanceBeam/v_BalanceBeam_g25_c02 111
Clean_Data/Train/BalanceBeam/v_BalanceBeam_g25_c03 93
Clean_Data/Train/BalanceBeam/v_BalanceBeam_g25_c04 103
Clean_Data/Train/BalanceBeam/v_BalanceBeam_g12_c01 76
Clean_Data/Train/BalanceBeam/v_BalanceBeam_g12_c02 70
Clean_Data/Train/BalanceBeam/v_BalanceBeam_g12_c03 171
Clean_Data/Train/BalanceBeam/v_BalanceBeam_g12_c04 97
Clean_Data/Train/BalanceBeam/v_BalanceBeam_g02_c01 83
Clean_Data/Train/BalanceBeam/v_BalanceBeam_g02_c02 101
Clean_Data/Train/BalanceBeam/v_BalanceBeam_g02_c03 61
Clean_Data/Train/BalanceBeam/v_BalanceBeam_g02_c04 134
Clean_Data/Train/BalanceBeam/v_BalanceBeam_g21_c01 133
Clean_Data/Train/BalanceBeam/v_BalanceBeam_g21_c02 106
Clean_Data/Train/BalanceBeam/v_BalanceBeam_g21_c03 126
Clean_Data/Train/BalanceBeam/v_BalanceBeam_g21_c04 126
Clean_Data/Train/BalanceBeam/v_BalanceBeam_g21_c05 116
Clean_Data/Train/BalanceBeam/v_BalanceBeam_g06_c01 107
Clean_Data/Train/BalanceBeam/v_BalanceBeam_g06_c02 119
Clean_Data/Train/BalanceBeam/v_BalanceBeam_g06_c03 106
Clean_Data/Train/BalanceBeam/v_BalanceBeam_g06_c04 121
Clean_Data/Train/BalanceBeam/v_BalanceBeam_g06_c05 103
Clean_Data/Train/BalanceBeam/v_BalanceBeam_g06_c06 112
Clean_Data/Train/BalanceBeam/v_BalanceBeam_g06_c07 117
Clean_Data/Train/BalanceBeam/v_BalanceBeam_g15_c01 90
Clean_Data/Train/BalanceBeam/v_BalanceBeam_g15_c02 76
Clean_Data/Train/BalanceBeam/v_BalanceBeam_g15_c03 126
Clean_Data/Train/BalanceBeam/v_BalanceBeam_g15_c04 99
Clean_Data/Train/BalanceBeam/v_BalanceBeam_g05_c01 96
Clean_Data/Train/BalanceBeam/v_BalanceBeam_g05_c02 115
Clean_Data/Train/BalanceBeam/v_BalanceBeam_g05_c03 112
Clean_Data/Train/BalanceBeam/v_BalanceBeam_g05_c04 181
Clean_Data/Train/BalanceBeam/v_BalanceBeam_g11_c01 111
Clean_Data/Train/BalanceBeam/v_BalanceBeam_g11_c02 69
Clean_Data/Train/BalanceBeam/v_BalanceBeam_g11_c03 128
Clean_Data/Train/BalanceBeam/v_BalanceBeam_g11_c04 117
Clean_Data/Train/BalanceBeam/v_BalanceBeam_g24_c01 87
Clean_Data/Train/BalanceBeam/v_BalanceBeam_g24_c02 91
Clean_Data/Train/BalanceBeam/v_BalanceBeam_g24_c03 101
Clean_Data/Train/BalanceBeam/v_BalanceBeam_g24_c04 84
Clean_Data/Train/BalanceBeam/v_BalanceBeam_g20_c01 85
Clean_Data/Train/BalanceBeam/v_BalanceBeam_g20_c02 101
Clean_Data/Train/BalanceBeam/v_BalanceBeam_g20_c03 101
Clean_Data/Train/BalanceBeam/v_BalanceBeam_g20_c04 92
Clean_Data/Train/BalanceBeam/v_BalanceBeam_g18_c01 126
Clean_Data/Train/BalanceBeam/v_BalanceBeam_g18_c02 146
Clean_Data/Train/BalanceBeam/v_BalanceBeam_g18_c03 182
Clean_Data/Train/BalanceBeam/v_BalanceBeam_g18_c04 112
Clean_Data/Train/BalanceBeam/v_BalanceBeam_g16_c01 125
Clean_Data/Train/BalanceBeam/v_BalanceBeam_g16_c02 111
Clean_Data/Train/BalanceBeam/v_BalanceBeam_g16_c03 113
Clean_Data/Train/BalanceBeam/v_BalanceBeam_g16_c04 101
Clean_Data/Train/BalanceBeam/v_BalanceBeam_g03_c01 198
Clean_Data/Train/BalanceBeam/v_BalanceBeam_g03_c02 106
Clean_Data/Train/BalanceBeam/v_BalanceBeam_g03_c03 102
Clean_Data/Train/BalanceBeam/v_BalanceBeam_g03_c04 75
Clean_Data/Train/BalanceBeam/v_BalanceBeam_g08_c01 141
Clean_Data/Train/BalanceBeam/v_BalanceBeam_g08_c02 126
Clean_Data/Train/BalanceBeam/v_BalanceBeam_g08_c03 126
Clean_Data/Train/BalanceBeam/v_BalanceBeam_g08_c04 117
Clean_Data/Train/BandMarching/v_BandMarching_g10_c01 142
Clean_Data/Train/BandMarching/v_BandMarching_g10_c02 139
Clean_Data/Train/BandMarching/v_BandMarching_g10_c03 112
Clean_Data/Train/BandMarching/v_BandMarching_g10_c04 161
Clean_Data/Train/BandMarching/v_BandMarching_g10_c05 188
Clean_Data/Train/BandMarching/v_BandMarching_g10_c06 138
Clean_Data/Train/BandMarching/v_BandMarching_g10_c07 148
Clean_Data/Train/BandMarching/v_BandMarching_g25_c01 201
Clean_Data/Train/BandMarching/v_BandMarching_g25_c02 127
Clean_Data/Train/BandMarching/v_BandMarching_g25_c03 156
Clean_Data/Train/BandMarching/v_BandMarching_g25_c04 90
Clean_Data/Train/BandMarching/v_BandMarching_g25_c05 106
Clean_Data/Train/BandMarching/v_BandMarching_g25_c06 158
Clean_Data/Train/BandMarching/v_BandMarching_g25_c07 215
Clean_Data/Train/BandMarching/v_BandMarching_g18_c01 479
Clean_Data/Train/BandMarching/v_BandMarching_g18_c02 215
Clean_Data/Train/BandMarching/v_BandMarching_g18_c03 311
Clean_Data/Train/BandMarching/v_BandMarching_g18_c04 185
Clean_Data/Train/BandMarching/v_BandMarching_g18_c05 173
Clean_Data/Train/BandMarching/v_BandMarching_g18_c06 185
Clean_Data/Train/BandMarching/v_BandMarching_g03_c01 405
Clean_Data/Train/BandMarching/v_BandMarching_g03_c02 335
Clean_Data/Train/BandMarching/v_BandMarching_g03_c03 284
Clean_Data/Train/BandMarching/v_BandMarching_g03_c04 471
Clean_Data/Train/BandMarching/v_BandMarching_g03_c05 270
Clean_Data/Train/BandMarching/v_BandMarching_g03_c06 414
Clean_Data/Train/BandMarching/v_BandMarching_g03_c07 249
Clean_Data/Train/BandMarching/v_BandMarching_g19_c01 279
Clean_Data/Train/BandMarching/v_BandMarching_g19_c02 280
Clean_Data/Train/BandMarching/v_BandMarching_g19_c03 308
Clean_Data/Train/BandMarching/v_BandMarching_g19_c04 261
Clean_Data/Train/BandMarching/v_BandMarching_g19_c05 332
Clean_Data/Train/BandMarching/v_BandMarching_g19_c06 379
Clean_Data/Train/BandMarching/v_BandMarching_g19_c07 391
Clean_Data/Train/BandMarching/v_BandMarching_g02_c01 156
Clean_Data/Train/BandMarching/v_BandMarching_g02_c02 156
Clean_Data/Train/BandMarching/v_BandMarching_g02_c03 123
Clean_Data/Train/BandMarching/v_BandMarching_g02_c04 122
Clean_Data/Train/BandMarching/v_BandMarching_g02_c05 123
Clean_Data/Train/BandMarching/v_BandMarching_g02_c06 125
Clean_Data/Train/BandMarching/v_BandMarching_g02_c07 145
Clean_Data/Train/BandMarching/v_BandMarching_g09_c01 95
Clean_Data/Train/BandMarching/v_BandMarching_g09_c02 106
Clean_Data/Train/BandMarching/v_BandMarching_g09_c03 102
Clean_Data/Train/BandMarching/v_BandMarching_g09_c04 87
Clean_Data/Train/BandMarching/v_BandMarching_g09_c05 250
Clean_Data/Train/BandMarching/v_BandMarching_g09_c06 118
Clean_Data/Train/BandMarching/v_BandMarching_g09_c07 132
Clean_Data/Train/BandMarching/v_BandMarching_g23_c01 210
Clean_Data/Train/BandMarching/v_BandMarching_g23_c02 285
Clean_Data/Train/BandMarching/v_BandMarching_g23_c03 263
Clean_Data/Train/BandMarching/v_BandMarching_g23_c04 213
Clean_Data/Train/BandMarching/v_BandMarching_g23_c05 116
Clean_Data/Train/BandMarching/v_BandMarching_g23_c06 166
Clean_Data/Train/BandMarching/v_BandMarching_g06_c01 68
Clean_Data/Train/BandMarching/v_BandMarching_g06_c02 152
Clean_Data/Train/BandMarching/v_BandMarching_g06_c03 105
Clean_Data/Train/BandMarching/v_BandMarching_g06_c04 118
Clean_Data/Train/BandMarching/v_BandMarching_g21_c01 324
Clean_Data/Train/BandMarching/v_BandMarching_g21_c02 324
Clean_Data/Train/BandMarching/v_BandMarching_g21_c03 170
Clean_Data/Train/BandMarching/v_BandMarching_g21_c04 444
Clean_Data/Train/BandMarching/v_BandMarching_g21_c05 324
Clean_Data/Train/BandMarching/v_BandMarching_g21_c06 337
Clean_Data/Train/BandMarching/v_BandMarching_g05_c01 47
Clean_Data/Train/BandMarching/v_BandMarching_g05_c02 84
Clean_Data/Train/BandMarching/v_BandMarching_g05_c03 149
Clean_Data/Train/BandMarching/v_BandMarching_g05_c04 89
Clean_Data/Train/BandMarching/v_BandMarching_g05_c05 65
Clean_Data/Train/BandMarching/v_BandMarching_g05_c06 79
Clean_Data/Train/BandMarching/v_BandMarching_g05_c07 62
Clean_Data/Train/BandMarching/v_BandMarching_g15_c01 311
Clean_Data/Train/BandMarching/v_BandMarching_g15_c02 240
Clean_Data/Train/BandMarching/v_BandMarching_g15_c03 354
Clean_Data/Train/BandMarching/v_BandMarching_g15_c04 258
Clean_Data/Train/BandMarching/v_BandMarching_g15_c05 472
Clean_Data/Train/BandMarching/v_BandMarching_g15_c06 186
Clean_Data/Train/BandMarching/v_BandMarching_g15_c07 168
Clean_Data/Train/BandMarching/v_BandMarching_g07_c01 71
Clean_Data/Train/BandMarching/v_BandMarching_g07_c02 102
Clean_Data/Train/BandMarching/v_BandMarching_g07_c03 105
Clean_Data/Train/BandMarching/v_BandMarching_g07_c04 132
Clean_Data/Train/BandMarching/v_BandMarching_g07_c05 117
Clean_Data/Train/BandMarching/v_BandMarching_g07_c06 146
Clean_Data/Train/BandMarching/v_BandMarching_g07_c07 146
Clean_Data/Train/BandMarching/v_BandMarching_g17_c01 126
Clean_Data/Train/BandMarching/v_BandMarching_g17_c02 175
Clean_Data/Train/BandMarching/v_BandMarching_g17_c03 161
Clean_Data/Train/BandMarching/v_BandMarching_g17_c04 147
Clean_Data/Train/BandMarching/v_BandMarching_g14_c01 145
Clean_Data/Train/BandMarching/v_BandMarching_g14_c02 232
Clean_Data/Train/BandMarching/v_BandMarching_g14_c03 221
Clean_Data/Train/BandMarching/v_BandMarching_g14_c04 212
Clean_Data/Train/BandMarching/v_BandMarching_g14_c05 217
Clean_Data/Train/BandMarching/v_BandMarching_g14_c06 208
Clean_Data/Train/BandMarching/v_BandMarching_g12_c01 489
Clean_Data/Train/BandMarching/v_BandMarching_g12_c02 430
Clean_Data/Train/BandMarching/v_BandMarching_g12_c03 261
Clean_Data/Train/BandMarching/v_BandMarching_g12_c04 295
Clean_Data/Train/BandMarching/v_BandMarching_g12_c05 296
Clean_Data/Train/BandMarching/v_BandMarching_g12_c06 270
Clean_Data/Train/BandMarching/v_BandMarching_g16_c01 242
Clean_Data/Train/BandMarching/v_BandMarching_g16_c02 234
Clean_Data/Train/BandMarching/v_BandMarching_g16_c03 110
Clean_Data/Train/BandMarching/v_BandMarching_g16_c04 110
Clean_Data/Train/BandMarching/v_BandMarching_g16_c05 160
Clean_Data/Train/BandMarching/v_BandMarching_g16_c06 141
Clean_Data/Train/BandMarching/v_BandMarching_g16_c07 119
Clean_Data/Train/BandMarching/v_BandMarching_g01_c01 160
Clean_Data/Train/BandMarching/v_BandMarching_g01_c02 162
Clean_Data/Train/BandMarching/v_BandMarching_g01_c03 151
Clean_Data/Train/BandMarching/v_BandMarching_g01_c04 160
Clean_Data/Train/BandMarching/v_BandMarching_g01_c05 168
Clean_Data/Train/BandMarching/v_BandMarching_g01_c06 151
Clean_Data/Train/BandMarching/v_BandMarching_g01_c07 110
Clean_Data/Train/BandMarching/v_BandMarching_g13_c01 412
Clean_Data/Train/BandMarching/v_BandMarching_g13_c02 244
Clean_Data/Train/BandMarching/v_BandMarching_g13_c03 265
Clean_Data/Train/BandMarching/v_BandMarching_g13_c04 304
Clean_Data/Train/BandMarching/v_BandMarching_g13_c05 179
Clean_Data/Train/BandMarching/v_BandMarching_g24_c01 341
Clean_Data/Train/BandMarching/v_BandMarching_g24_c02 175
Clean_Data/Train/BandMarching/v_BandMarching_g24_c03 193
Clean_Data/Train/BandMarching/v_BandMarching_g24_c04 219
Clean_Data/Train/BandMarching/v_BandMarching_g24_c05 193
Clean_Data/Train/BandMarching/v_BandMarching_g24_c06 257
Clean_Data/Train/BaseballPitch/v_BaseballPitch_g06_c01 99
Clean_Data/Train/BaseballPitch/v_BaseballPitch_g06_c02 87
Clean_Data/Train/BaseballPitch/v_BaseballPitch_g06_c03 105
Clean_Data/Train/BaseballPitch/v_BaseballPitch_g06_c04 47
Clean_Data/Train/BaseballPitch/v_BaseballPitch_g06_c05 63
Clean_Data/Train/BaseballPitch/v_BaseballPitch_g06_c06 61
Clean_Data/Train/BaseballPitch/v_BaseballPitch_g06_c07 81
Clean_Data/Train/BaseballPitch/v_BaseballPitch_g14_c01 104
Clean_Data/Train/BaseballPitch/v_BaseballPitch_g14_c02 138
Clean_Data/Train/BaseballPitch/v_BaseballPitch_g14_c03 97
Clean_Data/Train/BaseballPitch/v_BaseballPitch_g14_c04 109
Clean_Data/Train/BaseballPitch/v_BaseballPitch_g24_c01 146
Clean_Data/Train/BaseballPitch/v_BaseballPitch_g24_c02 119
Clean_Data/Train/BaseballPitch/v_BaseballPitch_g24_c03 141
Clean_Data/Train/BaseballPitch/v_BaseballPitch_g24_c04 116
Clean_Data/Train/BaseballPitch/v_BaseballPitch_g24_c05 129
Clean_Data/Train/BaseballPitch/v_BaseballPitch_g24_c06 120
Clean_Data/Train/BaseballPitch/v_BaseballPitch_g24_c07 126
Clean_Data/Train/BaseballPitch/v_BaseballPitch_g23_c01 113
Clean_Data/Train/BaseballPitch/v_BaseballPitch_g23_c02 84
Clean_Data/Train/BaseballPitch/v_BaseballPitch_g23_c03 78
Clean_Data/Train/BaseballPitch/v_BaseballPitch_g23_c04 108
Clean_Data/Train/BaseballPitch/v_BaseballPitch_g23_c05 116
Clean_Data/Train/BaseballPitch/v_BaseballPitch_g23_c06 108
Clean_Data/Train/BaseballPitch/v_BaseballPitch_g23_c07 104
Clean_Data/Train/BaseballPitch/v_BaseballPitch_g07_c01 65
Clean_Data/Train/BaseballPitch/v_BaseballPitch_g07_c02 138
Clean_Data/Train/BaseballPitch/v_BaseballPitch_g07_c03 78
Clean_Data/Train/BaseballPitch/v_BaseballPitch_g07_c04 88
Clean_Data/Train/BaseballPitch/v_BaseballPitch_g07_c05 70
Clean_Data/Train/BaseballPitch/v_BaseballPitch_g07_c06 78
Clean_Data/Train/BaseballPitch/v_BaseballPitch_g07_c07 80
Clean_Data/Train/BaseballPitch/v_BaseballPitch_g21_c01 161
Clean_Data/Train/BaseballPitch/v_BaseballPitch_g21_c02 88
Clean_Data/Train/BaseballPitch/v_BaseballPitch_g21_c03 152
Clean_Data/Train/BaseballPitch/v_BaseballPitch_g21_c04 152
Clean_Data/Train/BaseballPitch/v_BaseballPitch_g25_c01 133
Clean_Data/Train/BaseballPitch/v_BaseballPitch_g25_c02 101
Clean_Data/Train/BaseballPitch/v_BaseballPitch_g25_c03 73
Clean_Data/Train/BaseballPitch/v_BaseballPitch_g25_c04 114
Clean_Data/Train/BaseballPitch/v_BaseballPitch_g25_c05 111
Clean_Data/Train/BaseballPitch/v_BaseballPitch_g25_c06 123
Clean_Data/Train/BaseballPitch/v_BaseballPitch_g25_c07 132
Clean_Data/Train/BaseballPitch/v_BaseballPitch_g01_c01 107
Clean_Data/Train/BaseballPitch/v_BaseballPitch_g01_c02 94
Clean_Data/Train/BaseballPitch/v_BaseballPitch_g01_c03 104
Clean_Data/Train/BaseballPitch/v_BaseballPitch_g01_c04 105
Clean_Data/Train/BaseballPitch/v_BaseballPitch_g01_c05 92
Clean_Data/Train/BaseballPitch/v_BaseballPitch_g01_c06 102
Clean_Data/Train/BaseballPitch/v_BaseballPitch_g03_c01 87
Clean_Data/Train/BaseballPitch/v_BaseballPitch_g03_c02 120
Clean_Data/Train/BaseballPitch/v_BaseballPitch_g03_c03 88
Clean_Data/Train/BaseballPitch/v_BaseballPitch_g03_c04 80
Clean_Data/Train/BaseballPitch/v_BaseballPitch_g03_c05 70
Clean_Data/Train/BaseballPitch/v_BaseballPitch_g03_c06 76
Clean_Data/Train/BaseballPitch/v_BaseballPitch_g03_c07 97
Clean_Data/Train/BaseballPitch/v_BaseballPitch_g16_c01 87
Clean_Data/Train/BaseballPitch/v_BaseballPitch_g16_c02 106
Clean_Data/Train/BaseballPitch/v_BaseballPitch_g16_c03 126
Clean_Data/Train/BaseballPitch/v_BaseballPitch_g16_c04 97
Clean_Data/Train/BaseballPitch/v_BaseballPitch_g16_c05 84
Clean_Data/Train/BaseballPitch/v_BaseballPitch_g16_c06 78
Clean_Data/Train/BaseballPitch/v_BaseballPitch_g08_c01 113
Clean_Data/Train/BaseballPitch/v_BaseballPitch_g08_c02 105
Clean_Data/Train/BaseballPitch/v_BaseballPitch_g08_c03 100
Clean_Data/Train/BaseballPitch/v_BaseballPitch_g08_c04 95
Clean_Data/Train/BaseballPitch/v_BaseballPitch_g08_c05 110
Clean_Data/Train/BaseballPitch/v_BaseballPitch_g08_c06 108
Clean_Data/Train/BaseballPitch/v_BaseballPitch_g08_c07 105
Clean_Data/Train/BaseballPitch/v_BaseballPitch_g18_c01 70
Clean_Data/Train/BaseballPitch/v_BaseballPitch_g18_c02 136
Clean_Data/Train/BaseballPitch/v_BaseballPitch_g18_c03 136
Clean_Data/Train/BaseballPitch/v_BaseballPitch_g18_c04 79
Clean_Data/Train/BaseballPitch/v_BaseballPitch_g18_c05 174
Clean_Data/Train/BaseballPitch/v_BaseballPitch_g18_c06 67
Clean_Data/Train/BaseballPitch/v_BaseballPitch_g18_c07 75
Clean_Data/Train/BaseballPitch/v_BaseballPitch_g13_c01 126
Clean_Data/Train/BaseballPitch/v_BaseballPitch_g13_c02 123
Clean_Data/Train/BaseballPitch/v_BaseballPitch_g13_c03 140
Clean_Data/Train/BaseballPitch/v_BaseballPitch_g13_c04 131
Clean_Data/Train/BaseballPitch/v_BaseballPitch_g13_c05 75
Clean_Data/Train/BaseballPitch/v_BaseballPitch_g13_c06 75
Clean_Data/Train/BaseballPitch/v_BaseballPitch_g13_c07 108
Clean_Data/Train/BaseballPitch/v_BaseballPitch_g04_c01 213
Clean_Data/Train/BaseballPitch/v_BaseballPitch_g04_c02 114
Clean_Data/Train/BaseballPitch/v_BaseballPitch_g04_c03 99
Clean_Data/Train/BaseballPitch/v_BaseballPitch_g04_c04 118
Clean_Data/Train/BaseballPitch/v_BaseballPitch_g04_c05 116
Clean_Data/Train/BaseballPitch/v_BaseballPitch_g05_c01 118
Clean_Data/Train/BaseballPitch/v_BaseballPitch_g05_c02 94
Clean_Data/Train/BaseballPitch/v_BaseballPitch_g05_c03 91
Clean_Data/Train/BaseballPitch/v_BaseballPitch_g05_c04 116
Clean_Data/Train/BaseballPitch/v_BaseballPitch_g05_c05 72
Clean_Data/Train/BaseballPitch/v_BaseballPitch_g05_c06 116
Clean_Data/Train/BaseballPitch/v_BaseballPitch_g05_c07 70
Clean_Data/Train/BaseballPitch/v_BaseballPitch_g17_c01 134
Clean_Data/Train/BaseballPitch/v_BaseballPitch_g17_c02 102
Clean_Data/Train/BaseballPitch/v_BaseballPitch_g17_c03 87
Clean_Data/Train/BaseballPitch/v_BaseballPitch_g17_c04 80
Clean_Data/Train/BaseballPitch/v_BaseballPitch_g17_c05 73
Clean_Data/Train/BaseballPitch/v_BaseballPitch_g17_c06 68
Clean_Data/Train/BaseballPitch/v_BaseballPitch_g17_c07 66
Clean_Data/Train/BaseballPitch/v_BaseballPitch_g02_c01 79
Clean_Data/Train/BaseballPitch/v_BaseballPitch_g02_c02 72
Clean_Data/Train/BaseballPitch/v_BaseballPitch_g02_c03 76
Clean_Data/Train/BaseballPitch/v_BaseballPitch_g02_c04 85
Clean_Data/Train/BaseballPitch/v_BaseballPitch_g11_c01 104
Clean_Data/Train/BaseballPitch/v_BaseballPitch_g11_c02 74
Clean_Data/Train/BaseballPitch/v_BaseballPitch_g11_c03 68
Clean_Data/Train/BaseballPitch/v_BaseballPitch_g11_c04 58
Clean_Data/Train/BaseballPitch/v_BaseballPitch_g11_c05 77
Clean_Data/Train/BaseballPitch/v_BaseballPitch_g15_c01 70
Clean_Data/Train/BaseballPitch/v_BaseballPitch_g15_c02 73
Clean_Data/Train/BaseballPitch/v_BaseballPitch_g15_c03 75
Clean_Data/Train/BaseballPitch/v_BaseballPitch_g15_c04 86
Clean_Data/Train/BaseballPitch/v_BaseballPitch_g15_c05 73
Clean_Data/Train/BaseballPitch/v_BaseballPitch_g15_c06 79
Clean_Data/Train/BaseballPitch/v_BaseballPitch_g15_c07 82
Clean_Data/Train/BaseballPitch/v_BaseballPitch_g22_c01 104
Clean_Data/Train/BaseballPitch/v_BaseballPitch_g22_c02 104
Clean_Data/Train/BaseballPitch/v_BaseballPitch_g22_c03 91
Clean_Data/Train/BaseballPitch/v_BaseballPitch_g22_c04 94
Clean_Data/Train/BaseballPitch/v_BaseballPitch_g22_c05 70
Clean_Data/Train/BaseballPitch/v_BaseballPitch_g22_c06 71
Clean_Data/Train/BaseballPitch/v_BaseballPitch_g22_c07 69
Clean_Data/Train/Basketball/v_Basketball_g23_c01 138
Clean_Data/Train/Basketball/v_Basketball_g23_c02 120
Clean_Data/Train/Basketball/v_Basketball_g23_c03 120
Clean_Data/Train/Basketball/v_Basketball_g23_c04 120
Clean_Data/Train/Basketball/v_Basketball_g23_c05 104
Clean_Data/Train/Basketball/v_Basketball_g23_c06 97
Clean_Data/Train/Basketball/v_Basketball_g09_c01 111
Clean_Data/Train/Basketball/v_Basketball_g09_c02 104
Clean_Data/Train/Basketball/v_Basketball_g09_c03 85
Clean_Data/Train/Basketball/v_Basketball_g09_c04 101
Clean_Data/Train/Basketball/v_Basketball_g09_c05 122
Clean_Data/Train/Basketball/v_Basketball_g13_c01 300
Clean_Data/Train/Basketball/v_Basketball_g13_c02 330
Clean_Data/Train/Basketball/v_Basketball_g13_c03 315
Clean_Data/Train/Basketball/v_Basketball_g13_c04 300
Clean_Data/Train/Basketball/v_Basketball_g19_c01 78
Clean_Data/Train/Basketball/v_Basketball_g19_c02 143
Clean_Data/Train/Basketball/v_Basketball_g19_c03 120
Clean_Data/Train/Basketball/v_Basketball_g19_c04 118
Clean_Data/Train/Basketball/v_Basketball_g19_c05 151
Clean_Data/Train/Basketball/v_Basketball_g19_c06 101
Clean_Data/Train/Basketball/v_Basketball_g19_c07 137
Clean_Data/Train/Basketball/v_Basketball_g16_c01 528
Clean_Data/Train/Basketball/v_Basketball_g16_c02 518
Clean_Data/Train/Basketball/v_Basketball_g16_c03 131
Clean_Data/Train/Basketball/v_Basketball_g16_c04 96
Clean_Data/Train/Basketball/v_Basketball_g16_c05 471
Clean_Data/Train/Basketball/v_Basketball_g16_c06 346
Clean_Data/Train/Basketball/v_Basketball_g02_c01 53
Clean_Data/Train/Basketball/v_Basketball_g02_c02 56
Clean_Data/Train/Basketball/v_Basketball_g02_c03 112
Clean_Data/Train/Basketball/v_Basketball_g02_c04 80
Clean_Data/Train/Basketball/v_Basketball_g02_c05 144
Clean_Data/Train/Basketball/v_Basketball_g02_c06 124
Clean_Data/Train/Basketball/v_Basketball_g10_c01 128
Clean_Data/Train/Basketball/v_Basketball_g10_c02 124
Clean_Data/Train/Basketball/v_Basketball_g10_c03 116
Clean_Data/Train/Basketball/v_Basketball_g10_c04 103
Clean_Data/Train/Basketball/v_Basketball_g10_c05 117
Clean_Data/Train/Basketball/v_Basketball_g18_c01 236
Clean_Data/Train/Basketball/v_Basketball_g18_c02 102
Clean_Data/Train/Basketball/v_Basketball_g18_c03 180
Clean_Data/Train/Basketball/v_Basketball_g18_c04 188
Clean_Data/Train/Basketball/v_Basketball_g18_c05 146
Clean_Data/Train/Basketball/v_Basketball_g21_c01 70
Clean_Data/Train/Basketball/v_Basketball_g21_c02 100
Clean_Data/Train/Basketball/v_Basketball_g21_c03 182
Clean_Data/Train/Basketball/v_Basketball_g21_c04 130
Clean_Data/Train/Basketball/v_Basketball_g21_c05 180
Clean_Data/Train/Basketball/v_Basketball_g21_c06 84
Clean_Data/Train/Basketball/v_Basketball_g15_c01 120
Clean_Data/Train/Basketball/v_Basketball_g15_c02 152
Clean_Data/Train/Basketball/v_Basketball_g15_c03 195
Clean_Data/Train/Basketball/v_Basketball_g15_c04 112
Clean_Data/Train/Basketball/v_Basketball_g15_c05 174
Clean_Data/Train/Basketball/v_Basketball_g15_c06 185
Clean_Data/Train/Basketball/v_Basketball_g15_c07 164
Clean_Data/Train/Basketball/v_Basketball_g06_c01 71
Clean_Data/Train/Basketball/v_Basketball_g06_c02 101
Clean_Data/Train/Basketball/v_Basketball_g06_c03 91
Clean_Data/Train/Basketball/v_Basketball_g06_c04 77
Clean_Data/Train/Basketball/v_Basketball_g25_c01 125
Clean_Data/Train/Basketball/v_Basketball_g25_c02 179
Clean_Data/Train/Basketball/v_Basketball_g25_c03 146
Clean_Data/Train/Basketball/v_Basketball_g25_c04 108
Clean_Data/Train/Basketball/v_Basketball_g25_c05 180
Clean_Data/Train/Basketball/v_Basketball_g25_c06 111
Clean_Data/Train/Basketball/v_Basketball_g25_c07 131
Clean_Data/Train/Basketball/v_Basketball_g08_c01 171
Clean_Data/Train/Basketball/v_Basketball_g08_c02 84
Clean_Data/Train/Basketball/v_Basketball_g08_c03 96
Clean_Data/Train/Basketball/v_Basketball_g08_c04 101
Clean_Data/Train/Basketball/v_Basketball_g14_c01 81
Clean_Data/Train/Basketball/v_Basketball_g14_c02 131
Clean_Data/Train/Basketball/v_Basketball_g14_c03 89
Clean_Data/Train/Basketball/v_Basketball_g14_c04 88
Clean_Data/Train/Basketball/v_Basketball_g14_c05 91
Clean_Data/Train/Basketball/v_Basketball_g20_c01 120
Clean_Data/Train/Basketball/v_Basketball_g20_c02 175
Clean_Data/Train/Basketball/v_Basketball_g20_c03 105
Clean_Data/Train/Basketball/v_Basketball_g20_c04 120
Clean_Data/Train/Basketball/v_Basketball_g20_c05 120
Clean_Data/Train/Basketball/v_Basketball_g20_c06 88
Clean_Data/Train/Basketball/v_Basketball_g20_c07 74
Clean_Data/Train/Basketball/v_Basketball_g24_c01 133
Clean_Data/Train/Basketball/v_Basketball_g24_c02 120
Clean_Data/Train/Basketball/v_Basketball_g24_c03 117
Clean_Data/Train/Basketball/v_Basketball_g24_c04 120
Clean_Data/Train/Basketball/v_Basketball_g22_c01 120
Clean_Data/Train/Basketball/v_Basketball_g22_c02 102
Clean_Data/Train/Basketball/v_Basketball_g22_c03 132
Clean_Data/Train/Basketball/v_Basketball_g22_c04 101
Clean_Data/Train/Basketball/v_Basketball_g22_c05 88
Clean_Data/Train/Basketball/v_Basketball_g22_c06 101
Clean_Data/Train/Basketball/v_Basketball_g22_c07 99
Clean_Data/Train/Basketball/v_Basketball_g07_c01 142
Clean_Data/Train/Basketball/v_Basketball_g07_c02 101
Clean_Data/Train/Basketball/v_Basketball_g07_c03 150
Clean_Data/Train/Basketball/v_Basketball_g07_c04 101
Clean_Data/Train/Basketball/v_Basketball_g12_c01 277
Clean_Data/Train/Basketball/v_Basketball_g12_c02 184
Clean_Data/Train/Basketball/v_Basketball_g12_c03 137
Clean_Data/Train/Basketball/v_Basketball_g12_c04 228
Clean_Data/Train/Basketball/v_Basketball_g12_c05 232
Clean_Data/Train/Basketball/v_Basketball_g05_c01 134
Clean_Data/Train/Basketball/v_Basketball_g05_c02 111
Clean_Data/Train/Basketball/v_Basketball_g05_c03 100
Clean_Data/Train/Basketball/v_Basketball_g05_c04 87
Clean_Data/Train/BasketballDunk/v_BasketballDunk_g09_c01 85
Clean_Data/Train/BasketballDunk/v_BasketballDunk_g09_c02 72
Clean_Data/Train/BasketballDunk/v_BasketballDunk_g09_c03 82
Clean_Data/Train/BasketballDunk/v_BasketballDunk_g09_c04 81
Clean_Data/Train/BasketballDunk/v_BasketballDunk_g09_c05 61
Clean_Data/Train/BasketballDunk/v_BasketballDunk_g13_c01 47
Clean_Data/Train/BasketballDunk/v_BasketballDunk_g13_c02 67
Clean_Data/Train/BasketballDunk/v_BasketballDunk_g13_c03 106
Clean_Data/Train/BasketballDunk/v_BasketballDunk_g13_c04 72
Clean_Data/Train/BasketballDunk/v_BasketballDunk_g11_c01 115
Clean_Data/Train/BasketballDunk/v_BasketballDunk_g11_c02 84
Clean_Data/Train/BasketballDunk/v_BasketballDunk_g11_c03 95
Clean_Data/Train/BasketballDunk/v_BasketballDunk_g11_c04 86
Clean_Data/Train/BasketballDunk/v_BasketballDunk_g11_c05 91
Clean_Data/Train/BasketballDunk/v_BasketballDunk_g06_c01 52
Clean_Data/Train/BasketballDunk/v_BasketballDunk_g06_c02 61
Clean_Data/Train/BasketballDunk/v_BasketballDunk_g06_c03 53
Clean_Data/Train/BasketballDunk/v_BasketballDunk_g06_c04 63
Clean_Data/Train/BasketballDunk/v_BasketballDunk_g01_c01 61
Clean_Data/Train/BasketballDunk/v_BasketballDunk_g01_c02 65
Clean_Data/Train/BasketballDunk/v_BasketballDunk_g01_c03 71
Clean_Data/Train/BasketballDunk/v_BasketballDunk_g01_c04 61
Clean_Data/Train/BasketballDunk/v_BasketballDunk_g01_c05 66
Clean_Data/Train/BasketballDunk/v_BasketballDunk_g01_c06 80
Clean_Data/Train/BasketballDunk/v_BasketballDunk_g01_c07 57
Clean_Data/Train/BasketballDunk/v_BasketballDunk_g24_c01 85
Clean_Data/Train/BasketballDunk/v_BasketballDunk_g24_c02 105
Clean_Data/Train/BasketballDunk/v_BasketballDunk_g24_c03 78
Clean_Data/Train/BasketballDunk/v_BasketballDunk_g24_c04 155
Clean_Data/Train/BasketballDunk/v_BasketballDunk_g24_c05 168
Clean_Data/Train/BasketballDunk/v_BasketballDunk_g14_c01 88
Clean_Data/Train/BasketballDunk/v_BasketballDunk_g14_c02 82
Clean_Data/Train/BasketballDunk/v_BasketballDunk_g14_c03 87
Clean_Data/Train/BasketballDunk/v_BasketballDunk_g14_c04 88
Clean_Data/Train/BasketballDunk/v_BasketballDunk_g14_c05 82
Clean_Data/Train/BasketballDunk/v_BasketballDunk_g14_c06 125
Clean_Data/Train/BasketballDunk/v_BasketballDunk_g14_c07 98
Clean_Data/Train/BasketballDunk/v_BasketballDunk_g23_c01 91
Clean_Data/Train/BasketballDunk/v_BasketballDunk_g23_c02 85
Clean_Data/Train/BasketballDunk/v_BasketballDunk_g23_c03 111
Clean_Data/Train/BasketballDunk/v_BasketballDunk_g23_c04 137
Clean_Data/Train/BasketballDunk/v_BasketballDunk_g23_c05 93
Clean_Data/Train/BasketballDunk/v_BasketballDunk_g16_c01 76
Clean_Data/Train/BasketballDunk/v_BasketballDunk_g16_c02 75
Clean_Data/Train/BasketballDunk/v_BasketballDunk_g16_c03 64
Clean_Data/Train/BasketballDunk/v_BasketballDunk_g16_c04 59
Clean_Data/Train/BasketballDunk/v_BasketballDunk_g16_c05 74
Clean_Data/Train/BasketballDunk/v_BasketballDunk_g16_c06 76
Clean_Data/Train/BasketballDunk/v_BasketballDunk_g19_c01 74
Clean_Data/Train/BasketballDunk/v_BasketballDunk_g19_c02 51
Clean_Data/Train/BasketballDunk/v_BasketballDunk_g19_c03 58
Clean_Data/Train/BasketballDunk/v_BasketballDunk_g19_c04 53
Clean_Data/Train/BasketballDunk/v_BasketballDunk_g10_c01 91
Clean_Data/Train/BasketballDunk/v_BasketballDunk_g10_c02 60
Clean_Data/Train/BasketballDunk/v_BasketballDunk_g10_c03 70
Clean_Data/Train/BasketballDunk/v_BasketballDunk_g10_c04 69
Clean_Data/Train/BasketballDunk/v_BasketballDunk_g10_c05 98
Clean_Data/Train/BasketballDunk/v_BasketballDunk_g05_c01 52
Clean_Data/Train/BasketballDunk/v_BasketballDunk_g05_c02 80
Clean_Data/Train/BasketballDunk/v_BasketballDunk_g05_c03 56
Clean_Data/Train/BasketballDunk/v_BasketballDunk_g05_c04 52
Clean_Data/Train/BasketballDunk/v_BasketballDunk_g05_c05 53
Clean_Data/Train/BasketballDunk/v_BasketballDunk_g05_c06 84
Clean_Data/Train/BasketballDunk/v_BasketballDunk_g17_c01 71
Clean_Data/Train/BasketballDunk/v_BasketballDunk_g17_c02 66
Clean_Data/Train/BasketballDunk/v_BasketballDunk_g17_c03 74
Clean_Data/Train/BasketballDunk/v_BasketballDunk_g17_c04 83
Clean_Data/Train/BasketballDunk/v_BasketballDunk_g17_c05 61
Clean_Data/Train/BasketballDunk/v_BasketballDunk_g17_c06 61
Clean_Data/Train/BasketballDunk/v_BasketballDunk_g17_c07 75
Clean_Data/Train/BasketballDunk/v_BasketballDunk_g03_c01 58
Clean_Data/Train/BasketballDunk/v_BasketballDunk_g03_c02 76
Clean_Data/Train/BasketballDunk/v_BasketballDunk_g03_c03 74
Clean_Data/Train/BasketballDunk/v_BasketballDunk_g03_c04 81
Clean_Data/Train/BasketballDunk/v_BasketballDunk_g03_c05 71
Clean_Data/Train/BasketballDunk/v_BasketballDunk_g03_c06 66
Clean_Data/Train/BasketballDunk/v_BasketballDunk_g25_c01 82
Clean_Data/Train/BasketballDunk/v_BasketballDunk_g25_c02 117
Clean_Data/Train/BasketballDunk/v_BasketballDunk_g25_c03 81
Clean_Data/Train/BasketballDunk/v_BasketballDunk_g25_c04 89
Clean_Data/Train/BasketballDunk/v_BasketballDunk_g02_c01 56
Clean_Data/Train/BasketballDunk/v_BasketballDunk_g02_c02 109
Clean_Data/Train/BasketballDunk/v_BasketballDunk_g02_c03 71
Clean_Data/Train/BasketballDunk/v_BasketballDunk_g02_c04 58
Clean_Data/Train/BasketballDunk/v_BasketballDunk_g18_c01 76
Clean_Data/Train/BasketballDunk/v_BasketballDunk_g18_c02 67
Clean_Data/Train/BasketballDunk/v_BasketballDunk_g18_c03 74
Clean_Data/Train/BasketballDunk/v_BasketballDunk_g18_c04 51
Clean_Data/Train/BasketballDunk/v_BasketballDunk_g18_c05 74
Clean_Data/Train/BasketballDunk/v_BasketballDunk_g18_c06 67
Clean_Data/Train/BasketballDunk/v_BasketballDunk_g21_c01 84
Clean_Data/Train/BasketballDunk/v_BasketballDunk_g21_c02 95
Clean_Data/Train/BasketballDunk/v_BasketballDunk_g21_c03 116
Clean_Data/Train/BasketballDunk/v_BasketballDunk_g21_c04 148
Clean_Data/Train/BasketballDunk/v_BasketballDunk_g22_c01 72
Clean_Data/Train/BasketballDunk/v_BasketballDunk_g22_c02 68
Clean_Data/Train/BasketballDunk/v_BasketballDunk_g22_c03 111
Clean_Data/Train/BasketballDunk/v_BasketballDunk_g22_c04 96
Clean_Data/Train/BasketballDunk/v_BasketballDunk_g08_c01 51
Clean_Data/Train/BasketballDunk/v_BasketballDunk_g08_c02 66
Clean_Data/Train/BasketballDunk/v_BasketballDunk_g08_c03 59
Clean_Data/Train/BasketballDunk/v_BasketballDunk_g08_c04 59
Clean_Data/Train/BasketballDunk/v_BasketballDunk_g08_c05 87
Clean_Data/Train/BenchPress/v_BenchPress_g07_c01 73
Clean_Data/Train/BenchPress/v_BenchPress_g07_c02 71
Clean_Data/Train/BenchPress/v_BenchPress_g07_c03 72
Clean_Data/Train/BenchPress/v_BenchPress_g07_c04 272
Clean_Data/Train/BenchPress/v_BenchPress_g07_c05 132
Clean_Data/Train/BenchPress/v_BenchPress_g07_c06 87
Clean_Data/Train/BenchPress/v_BenchPress_g07_c07 79
Clean_Data/Train/BenchPress/v_BenchPress_g22_c01 88
Clean_Data/Train/BenchPress/v_BenchPress_g22_c02 78
Clean_Data/Train/BenchPress/v_BenchPress_g22_c03 74
Clean_Data/Train/BenchPress/v_BenchPress_g22_c04 71
Clean_Data/Train/BenchPress/v_BenchPress_g22_c05 71
Clean_Data/Train/BenchPress/v_BenchPress_g22_c06 274
Clean_Data/Train/BenchPress/v_BenchPress_g22_c07 132
Clean_Data/Train/BenchPress/v_BenchPress_g09_c01 85
Clean_Data/Train/BenchPress/v_BenchPress_g09_c02 70
Clean_Data/Train/BenchPress/v_BenchPress_g09_c03 69
Clean_Data/Train/BenchPress/v_BenchPress_g09_c04 68
Clean_Data/Train/BenchPress/v_BenchPress_g09_c05 63
Clean_Data/Train/BenchPress/v_BenchPress_g09_c06 211
Clean_Data/Train/BenchPress/v_BenchPress_g09_c07 109
Clean_Data/Train/BenchPress/v_BenchPress_g18_c01 93
Clean_Data/Train/BenchPress/v_BenchPress_g18_c02 101
Clean_Data/Train/BenchPress/v_BenchPress_g18_c03 274
Clean_Data/Train/BenchPress/v_BenchPress_g18_c04 127
Clean_Data/Train/BenchPress/v_BenchPress_g18_c05 112
Clean_Data/Train/BenchPress/v_BenchPress_g18_c06 110
Clean_Data/Train/BenchPress/v_BenchPress_g18_c07 78
Clean_Data/Train/BenchPress/v_BenchPress_g25_c01 107
Clean_Data/Train/BenchPress/v_BenchPress_g25_c02 108
Clean_Data/Train/BenchPress/v_BenchPress_g25_c03 97
Clean_Data/Train/BenchPress/v_BenchPress_g25_c04 216
Clean_Data/Train/BenchPress/v_BenchPress_g25_c05 222
Clean_Data/Train/BenchPress/v_BenchPress_g25_c06 123
Clean_Data/Train/BenchPress/v_BenchPress_g25_c07 130
Clean_Data/Train/BenchPress/v_BenchPress_g06_c01 68
Clean_Data/Train/BenchPress/v_BenchPress_g06_c02 66
Clean_Data/Train/BenchPress/v_BenchPress_g06_c03 65
Clean_Data/Train/BenchPress/v_BenchPress_g06_c04 252
Clean_Data/Train/BenchPress/v_BenchPress_g06_c05 128
Clean_Data/Train/BenchPress/v_BenchPress_g06_c06 96
Clean_Data/Train/BenchPress/v_BenchPress_g06_c07 84
Clean_Data/Train/BenchPress/v_BenchPress_g14_c01 96
Clean_Data/Train/BenchPress/v_BenchPress_g14_c02 99
Clean_Data/Train/BenchPress/v_BenchPress_g14_c03 105
Clean_Data/Train/BenchPress/v_BenchPress_g14_c04 305
Clean_Data/Train/BenchPress/v_BenchPress_g14_c05 212
Clean_Data/Train/BenchPress/v_BenchPress_g14_c06 178
Clean_Data/Train/BenchPress/v_BenchPress_g14_c07 105
Clean_Data/Train/BenchPress/v_BenchPress_g01_c01 151
Clean_Data/Train/BenchPress/v_BenchPress_g01_c02 180
Clean_Data/Train/BenchPress/v_BenchPress_g01_c03 104
Clean_Data/Train/BenchPress/v_BenchPress_g01_c04 105
Clean_Data/Train/BenchPress/v_BenchPress_g01_c05 88
Clean_Data/Train/BenchPress/v_BenchPress_g01_c06 111
Clean_Data/Train/BenchPress/v_BenchPress_g15_c01 67
Clean_Data/Train/BenchPress/v_BenchPress_g15_c02 64
Clean_Data/Train/BenchPress/v_BenchPress_g15_c03 72
Clean_Data/Train/BenchPress/v_BenchPress_g15_c04 170
Clean_Data/Train/BenchPress/v_BenchPress_g15_c05 65
Clean_Data/Train/BenchPress/v_BenchPress_g15_c06 45
Clean_Data/Train/BenchPress/v_BenchPress_g03_c01 93
Clean_Data/Train/BenchPress/v_BenchPress_g03_c02 100
Clean_Data/Train/BenchPress/v_BenchPress_g03_c03 156
Clean_Data/Train/BenchPress/v_BenchPress_g03_c04 105
Clean_Data/Train/BenchPress/v_BenchPress_g03_c05 84
Clean_Data/Train/BenchPress/v_BenchPress_g03_c06 83
Clean_Data/Train/BenchPress/v_BenchPress_g03_c07 85
Clean_Data/Train/BenchPress/v_BenchPress_g21_c01 188
Clean_Data/Train/BenchPress/v_BenchPress_g21_c02 110
Clean_Data/Train/BenchPress/v_BenchPress_g21_c03 93
Clean_Data/Train/BenchPress/v_BenchPress_g21_c04 291
Clean_Data/Train/BenchPress/v_BenchPress_g13_c01 140
Clean_Data/Train/BenchPress/v_BenchPress_g13_c02 93
Clean_Data/Train/BenchPress/v_BenchPress_g13_c03 200
Clean_Data/Train/BenchPress/v_BenchPress_g13_c04 146
Clean_Data/Train/BenchPress/v_BenchPress_g13_c05 141
Clean_Data/Train/BenchPress/v_BenchPress_g13_c06 102
Clean_Data/Train/BenchPress/v_BenchPress_g13_c07 103
Clean_Data/Train/BenchPress/v_BenchPress_g08_c01 64
Clean_Data/Train/BenchPress/v_BenchPress_g08_c02 61
Clean_Data/Train/BenchPress/v_BenchPress_g08_c03 57
Clean_Data/Train/BenchPress/v_BenchPress_g08_c04 60
Clean_Data/Train/BenchPress/v_BenchPress_g08_c05 187
Clean_Data/Train/BenchPress/v_BenchPress_g08_c06 86
Clean_Data/Train/BenchPress/v_BenchPress_g08_c07 72
Clean_Data/Train/BenchPress/v_BenchPress_g05_c01 74
Clean_Data/Train/BenchPress/v_BenchPress_g05_c02 67
Clean_Data/Train/BenchPress/v_BenchPress_g05_c03 65
Clean_Data/Train/BenchPress/v_BenchPress_g05_c04 298
Clean_Data/Train/BenchPress/v_BenchPress_g05_c05 165
Clean_Data/Train/BenchPress/v_BenchPress_g05_c06 195
Clean_Data/Train/BenchPress/v_BenchPress_g05_c07 64
Clean_Data/Train/BenchPress/v_BenchPress_g17_c01 71
Clean_Data/Train/BenchPress/v_BenchPress_g17_c02 68
Clean_Data/Train/BenchPress/v_BenchPress_g17_c03 65
Clean_Data/Train/BenchPress/v_BenchPress_g17_c04 312
Clean_Data/Train/BenchPress/v_BenchPress_g17_c05 172
Clean_Data/Train/BenchPress/v_BenchPress_g17_c06 117
Clean_Data/Train/BenchPress/v_BenchPress_g17_c07 72
Clean_Data/Train/BenchPress/v_BenchPress_g11_c01 98
Clean_Data/Train/BenchPress/v_BenchPress_g11_c02 95
Clean_Data/Train/BenchPress/v_BenchPress_g11_c03 93
Clean_Data/Train/BenchPress/v_BenchPress_g11_c04 251
Clean_Data/Train/BenchPress/v_BenchPress_g11_c05 114
Clean_Data/Train/BenchPress/v_BenchPress_g02_c01 81
Clean_Data/Train/BenchPress/v_BenchPress_g02_c02 98
Clean_Data/Train/BenchPress/v_BenchPress_g02_c03 221
Clean_Data/Train/BenchPress/v_BenchPress_g02_c04 95
Clean_Data/Train/BenchPress/v_BenchPress_g02_c05 73
Clean_Data/Train/BenchPress/v_BenchPress_g02_c06 72
Clean_Data/Train/BenchPress/v_BenchPress_g02_c07 78
Clean_Data/Train/BenchPress/v_BenchPress_g04_c01 70
Clean_Data/Train/BenchPress/v_BenchPress_g04_c02 70
Clean_Data/Train/BenchPress/v_BenchPress_g04_c03 208
Clean_Data/Train/BenchPress/v_BenchPress_g04_c04 204
Clean_Data/Train/BenchPress/v_BenchPress_g04_c05 148
Clean_Data/Train/BenchPress/v_BenchPress_g04_c06 176
Clean_Data/Train/BenchPress/v_BenchPress_g04_c07 75
Clean_Data/Train/BenchPress/v_BenchPress_g20_c01 87
Clean_Data/Train/BenchPress/v_BenchPress_g20_c02 81
Clean_Data/Train/BenchPress/v_BenchPress_g20_c03 91
Clean_Data/Train/BenchPress/v_BenchPress_g20_c04 210
Clean_Data/Train/BenchPress/v_BenchPress_g20_c05 90
Clean_Data/Train/BenchPress/v_BenchPress_g20_c06 88
Clean_Data/Train/BenchPress/v_BenchPress_g20_c07 81
Clean_Data/Train/BenchPress/v_BenchPress_g10_c01 112
Clean_Data/Train/BenchPress/v_BenchPress_g10_c02 108
Clean_Data/Train/BenchPress/v_BenchPress_g10_c03 243
Clean_Data/Train/BenchPress/v_BenchPress_g10_c04 134
Clean_Data/Train/Biking/v_Biking_g01_c01 151
Clean_Data/Train/Biking/v_Biking_g01_c02 151
Clean_Data/Train/Biking/v_Biking_g01_c03 151
Clean_Data/Train/Biking/v_Biking_g01_c04 181
Clean_Data/Train/Biking/v_Biking_g02_c01 240
Clean_Data/Train/Biking/v_Biking_g02_c02 240
Clean_Data/Train/Biking/v_Biking_g02_c03 240
Clean_Data/Train/Biking/v_Biking_g02_c04 240
Clean_Data/Train/Biking/v_Biking_g02_c05 180
Clean_Data/Train/Biking/v_Biking_g02_c06 240
Clean_Data/Train/Biking/v_Biking_g02_c07 240
Clean_Data/Train/Biking/v_Biking_g18_c01 151
Clean_Data/Train/Biking/v_Biking_g18_c02 181
Clean_Data/Train/Biking/v_Biking_g18_c03 195
Clean_Data/Train/Biking/v_Biking_g18_c04 181
Clean_Data/Train/Biking/v_Biking_g18_c05 209
Clean_Data/Train/Biking/v_Biking_g18_c06 240
Clean_Data/Train/Biking/v_Biking_g15_c01 240
Clean_Data/Train/Biking/v_Biking_g15_c02 240
Clean_Data/Train/Biking/v_Biking_g15_c03 240
Clean_Data/Train/Biking/v_Biking_g15_c04 240
Clean_Data/Train/Biking/v_Biking_g15_c05 240
Clean_Data/Train/Biking/v_Biking_g16_c01 240
Clean_Data/Train/Biking/v_Biking_g16_c02 199
Clean_Data/Train/Biking/v_Biking_g16_c03 167
Clean_Data/Train/Biking/v_Biking_g16_c04 180
Clean_Data/Train/Biking/v_Biking_g16_c05 240
Clean_Data/Train/Biking/v_Biking_g14_c01 126
Clean_Data/Train/Biking/v_Biking_g14_c02 169
Clean_Data/Train/Biking/v_Biking_g14_c03 141
Clean_Data/Train/Biking/v_Biking_g14_c04 157
Clean_Data/Train/Biking/v_Biking_g08_c01 201
Clean_Data/Train/Biking/v_Biking_g08_c02 123
Clean_Data/Train/Biking/v_Biking_g08_c03 201
Clean_Data/Train/Biking/v_Biking_g08_c04 201
Clean_Data/Train/Biking/v_Biking_g08_c05 240
Clean_Data/Train/Biking/v_Biking_g08_c06 240
Clean_Data/Train/Biking/v_Biking_g23_c01 536
Clean_Data/Train/Biking/v_Biking_g23_c02 599
Clean_Data/Train/Biking/v_Biking_g23_c03 450
Clean_Data/Train/Biking/v_Biking_g23_c04 450
Clean_Data/Train/Biking/v_Biking_g10_c01 240
Clean_Data/Train/Biking/v_Biking_g10_c02 240
Clean_Data/Train/Biking/v_Biking_g10_c03 240
Clean_Data/Train/Biking/v_Biking_g10_c04 240
Clean_Data/Train/Biking/v_Biking_g10_c05 240
Clean_Data/Train/Biking/v_Biking_g10_c06 240
Clean_Data/Train/Biking/v_Biking_g05_c01 300
Clean_Data/Train/Biking/v_Biking_g05_c02 201
Clean_Data/Train/Biking/v_Biking_g05_c03 201
Clean_Data/Train/Biking/v_Biking_g05_c04 201
Clean_Data/Train/Biking/v_Biking_g05_c05 163
Clean_Data/Train/Biking/v_Biking_g05_c06 180
Clean_Data/Train/Biking/v_Biking_g05_c07 180
Clean_Data/Train/Biking/v_Biking_g20_c01 332
Clean_Data/Train/Biking/v_Biking_g20_c02 340
Clean_Data/Train/Biking/v_Biking_g20_c03 336
Clean_Data/Train/Biking/v_Biking_g20_c04 324
Clean_Data/Train/Biking/v_Biking_g20_c05 354
Clean_Data/Train/Biking/v_Biking_g20_c06 358
Clean_Data/Train/Biking/v_Biking_g20_c07 360
Clean_Data/Train/Biking/v_Biking_g21_c01 240
Clean_Data/Train/Biking/v_Biking_g21_c02 240
Clean_Data/Train/Biking/v_Biking_g21_c03 122
Clean_Data/Train/Biking/v_Biking_g21_c04 240
Clean_Data/Train/Biking/v_Biking_g21_c05 207
Clean_Data/Train/Biking/v_Biking_g21_c06 240
Clean_Data/Train/Biking/v_Biking_g21_c07 180
Clean_Data/Train/Biking/v_Biking_g19_c01 151
Clean_Data/Train/Biking/v_Biking_g19_c02 151
Clean_Data/Train/Biking/v_Biking_g19_c03 151
Clean_Data/Train/Biking/v_Biking_g19_c04 151
Clean_Data/Train/Biking/v_Biking_g13_c01 151
Clean_Data/Train/Biking/v_Biking_g13_c02 151
Clean_Data/Train/Biking/v_Biking_g13_c03 109
Clean_Data/Train/Biking/v_Biking_g13_c04 240
Clean_Data/Train/Biking/v_Biking_g13_c05 239
Clean_Data/Train/Biking/v_Biking_g13_c06 163
Clean_Data/Train/Biking/v_Biking_g11_c01 151
Clean_Data/Train/Biking/v_Biking_g11_c02 151
Clean_Data/Train/Biking/v_Biking_g11_c03 131
Clean_Data/Train/Biking/v_Biking_g11_c04 210
Clean_Data/Train/Biking/v_Biking_g11_c05 155
Clean_Data/Train/Biking/v_Biking_g11_c06 152
Clean_Data/Train/Biking/v_Biking_g24_c01 180
Clean_Data/Train/Biking/v_Biking_g24_c02 213
Clean_Data/Train/Biking/v_Biking_g24_c03 167
Clean_Data/Train/Biking/v_Biking_g24_c04 209
Clean_Data/Train/Biking/v_Biking_g24_c05 240
Clean_Data/Train/Biking/v_Biking_g24_c06 248
Clean_Data/Train/Biking/v_Biking_g24_c07 180
Clean_Data/Train/Biking/v_Biking_g04_c01 240
Clean_Data/Train/Biking/v_Biking_g04_c02 180
Clean_Data/Train/Biking/v_Biking_g04_c03 240
Clean_Data/Train/Biking/v_Biking_g04_c04 216
Clean_Data/Train/Biking/v_Biking_g04_c05 213
Clean_Data/Train/Biking/v_Biking_g12_c01 240
Clean_Data/Train/Biking/v_Biking_g12_c02 203
Clean_Data/Train/Biking/v_Biking_g12_c03 201
Clean_Data/Train/Biking/v_Biking_g12_c04 201
Clean_Data/Train/Biking/v_Biking_g22_c01 219
Clean_Data/Train/Biking/v_Biking_g22_c02 141
Clean_Data/Train/Biking/v_Biking_g22_c03 345
Clean_Data/Train/Biking/v_Biking_g22_c04 410
Clean_Data/Train/Biking/v_Biking_g22_c05 207
Clean_Data/Train/Biking/v_Biking_g09_c01 180
Clean_Data/Train/Biking/v_Biking_g09_c02 180
Clean_Data/Train/Biking/v_Biking_g09_c03 201
Clean_Data/Train/Biking/v_Biking_g09_c04 196
Clean_Data/Train/Billiards/v_Billiards_g13_c01 238
Clean_Data/Train/Billiards/v_Billiards_g13_c02 287
Clean_Data/Train/Billiards/v_Billiards_g13_c03 298
Clean_Data/Train/Billiards/v_Billiards_g13_c04 245
Clean_Data/Train/Billiards/v_Billiards_g13_c05 241
Clean_Data/Train/Billiards/v_Billiards_g13_c06 300
Clean_Data/Train/Billiards/v_Billiards_g13_c07 295
Clean_Data/Train/Billiards/v_Billiards_g04_c01 174
Clean_Data/Train/Billiards/v_Billiards_g04_c02 299
Clean_Data/Train/Billiards/v_Billiards_g04_c03 268
Clean_Data/Train/Billiards/v_Billiards_g04_c04 279
Clean_Data/Train/Billiards/v_Billiards_g04_c05 234
Clean_Data/Train/Billiards/v_Billiards_g04_c06 297
Clean_Data/Train/Billiards/v_Billiards_g04_c07 191
Clean_Data/Train/Billiards/v_Billiards_g16_c01 238
Clean_Data/Train/Billiards/v_Billiards_g16_c02 225
Clean_Data/Train/Billiards/v_Billiards_g16_c03 258
Clean_Data/Train/Billiards/v_Billiards_g16_c04 294
Clean_Data/Train/Billiards/v_Billiards_g16_c05 405
Clean_Data/Train/Billiards/v_Billiards_g06_c01 251
Clean_Data/Train/Billiards/v_Billiards_g06_c02 346
Clean_Data/Train/Billiards/v_Billiards_g06_c03 370
Clean_Data/Train/Billiards/v_Billiards_g06_c04 299
Clean_Data/Train/Billiards/v_Billiards_g06_c05 261
Clean_Data/Train/Billiards/v_Billiards_g05_c01 365
Clean_Data/Train/Billiards/v_Billiards_g05_c02 481
Clean_Data/Train/Billiards/v_Billiards_g05_c03 592
Clean_Data/Train/Billiards/v_Billiards_g05_c04 374
Clean_Data/Train/Billiards/v_Billiards_g05_c05 303
Clean_Data/Train/Billiards/v_Billiards_g05_c06 359
Clean_Data/Train/Billiards/v_Billiards_g20_c01 293
Clean_Data/Train/Billiards/v_Billiards_g20_c02 290
Clean_Data/Train/Billiards/v_Billiards_g20_c03 229
Clean_Data/Train/Billiards/v_Billiards_g20_c04 217
Clean_Data/Train/Billiards/v_Billiards_g12_c01 331
Clean_Data/Train/Billiards/v_Billiards_g12_c02 304
Clean_Data/Train/Billiards/v_Billiards_g12_c03 428
Clean_Data/Train/Billiards/v_Billiards_g12_c04 235
Clean_Data/Train/Billiards/v_Billiards_g12_c05 142
Clean_Data/Train/Billiards/v_Billiards_g12_c06 223
Clean_Data/Train/Billiards/v_Billiards_g12_c07 372
Clean_Data/Train/Billiards/v_Billiards_g14_c01 273
Clean_Data/Train/Billiards/v_Billiards_g14_c02 259
Clean_Data/Train/Billiards/v_Billiards_g14_c03 230
Clean_Data/Train/Billiards/v_Billiards_g14_c04 234
Clean_Data/Train/Billiards/v_Billiards_g14_c05 295
Clean_Data/Train/Billiards/v_Billiards_g14_c06 293
Clean_Data/Train/Billiards/v_Billiards_g14_c07 202
Clean_Data/Train/Billiards/v_Billiards_g19_c01 288
Clean_Data/Train/Billiards/v_Billiards_g19_c02 312
Clean_Data/Train/Billiards/v_Billiards_g19_c03 212
Clean_Data/Train/Billiards/v_Billiards_g19_c04 92
Clean_Data/Train/Billiards/v_Billiards_g19_c05 379
Clean_Data/Train/Billiards/v_Billiards_g19_c06 249
Clean_Data/Train/Billiards/v_Billiards_g19_c07 382
Clean_Data/Train/Billiards/v_Billiards_g15_c01 330
Clean_Data/Train/Billiards/v_Billiards_g15_c02 271
Clean_Data/Train/Billiards/v_Billiards_g15_c03 236
Clean_Data/Train/Billiards/v_Billiards_g15_c04 270
Clean_Data/Train/Billiards/v_Billiards_g15_c05 246
Clean_Data/Train/Billiards/v_Billiards_g15_c06 298
Clean_Data/Train/Billiards/v_Billiards_g15_c07 334
Clean_Data/Train/Billiards/v_Billiards_g09_c01 220
Clean_Data/Train/Billiards/v_Billiards_g09_c02 369
Clean_Data/Train/Billiards/v_Billiards_g09_c03 209
Clean_Data/Train/Billiards/v_Billiards_g09_c04 287
Clean_Data/Train/Billiards/v_Billiards_g09_c05 242
Clean_Data/Train/Billiards/v_Billiards_g09_c06 222
Clean_Data/Train/Billiards/v_Billiards_g09_c07 217
Clean_Data/Train/Billiards/v_Billiards_g25_c01 192
Clean_Data/Train/Billiards/v_Billiards_g25_c02 272
Clean_Data/Train/Billiards/v_Billiards_g25_c03 241
Clean_Data/Train/Billiards/v_Billiards_g25_c04 295
Clean_Data/Train/Billiards/v_Billiards_g25_c05 297
Clean_Data/Train/Billiards/v_Billiards_g25_c06 307
Clean_Data/Train/Billiards/v_Billiards_g25_c07 251
Clean_Data/Train/Billiards/v_Billiards_g24_c01 201
Clean_Data/Train/Billiards/v_Billiards_g24_c02 256
Clean_Data/Train/Billiards/v_Billiards_g24_c03 303
Clean_Data/Train/Billiards/v_Billiards_g24_c04 318
Clean_Data/Train/Billiards/v_Billiards_g24_c05 235
Clean_Data/Train/Billiards/v_Billiards_g24_c06 279
Clean_Data/Train/Billiards/v_Billiards_g07_c01 316
Clean_Data/Train/Billiards/v_Billiards_g07_c02 258
Clean_Data/Train/Billiards/v_Billiards_g07_c03 273
Clean_Data/Train/Billiards/v_Billiards_g07_c04 281
Clean_Data/Train/Billiards/v_Billiards_g22_c01 187
Clean_Data/Train/Billiards/v_Billiards_g22_c02 166
Clean_Data/Train/Billiards/v_Billiards_g22_c03 294
Clean_Data/Train/Billiards/v_Billiards_g22_c04 176
Clean_Data/Train/Billiards/v_Billiards_g22_c05 134
Clean_Data/Train/Billiards/v_Billiards_g18_c01 146
Clean_Data/Train/Billiards/v_Billiards_g18_c02 247
Clean_Data/Train/Billiards/v_Billiards_g18_c03 181
Clean_Data/Train/Billiards/v_Billiards_g18_c04 217
Clean_Data/Train/Billiards/v_Billiards_g18_c05 178
Clean_Data/Train/Billiards/v_Billiards_g18_c06 242
Clean_Data/Train/Billiards/v_Billiards_g18_c07 260
Clean_Data/Train/Billiards/v_Billiards_g23_c01 309
Clean_Data/Train/Billiards/v_Billiards_g23_c02 319
Clean_Data/Train/Billiards/v_Billiards_g23_c03 290
Clean_Data/Train/Billiards/v_Billiards_g23_c04 346
Clean_Data/Train/Billiards/v_Billiards_g17_c01 276
Clean_Data/Train/Billiards/v_Billiards_g17_c02 274
Clean_Data/Train/Billiards/v_Billiards_g17_c03 402
Clean_Data/Train/Billiards/v_Billiards_g17_c04 296
Clean_Data/Train/Billiards/v_Billiards_g17_c05 340
Clean_Data/Train/Billiards/v_Billiards_g03_c01 213
Clean_Data/Train/Billiards/v_Billiards_g03_c02 383
Clean_Data/Train/Billiards/v_Billiards_g03_c03 275
Clean_Data/Train/Billiards/v_Billiards_g03_c04 270
Clean_Data/Train/Billiards/v_Billiards_g03_c05 287
Clean_Data/Train/Billiards/v_Billiards_g10_c01 334
Clean_Data/Train/Billiards/v_Billiards_g10_c02 337
Clean_Data/Train/Billiards/v_Billiards_g10_c03 355
Clean_Data/Train/Billiards/v_Billiards_g10_c04 344
Clean_Data/Train/Billiards/v_Billiards_g10_c05 327
Clean_Data/Train/BlowDryHair/v_BlowDryHair_g24_c01 102
Clean_Data/Train/BlowDryHair/v_BlowDryHair_g24_c02 84
Clean_Data/Train/BlowDryHair/v_BlowDryHair_g24_c03 101
Clean_Data/Train/BlowDryHair/v_BlowDryHair_g24_c04 97
Clean_Data/Train/BlowDryHair/v_BlowDryHair_g04_c01 344
Clean_Data/Train/BlowDryHair/v_BlowDryHair_g04_c02 206
Clean_Data/Train/BlowDryHair/v_BlowDryHair_g04_c03 171
Clean_Data/Train/BlowDryHair/v_BlowDryHair_g04_c04 172
Clean_Data/Train/BlowDryHair/v_BlowDryHair_g04_c05 118
Clean_Data/Train/BlowDryHair/v_BlowDryHair_g10_c01 210
Clean_Data/Train/BlowDryHair/v_BlowDryHair_g10_c02 328
Clean_Data/Train/BlowDryHair/v_BlowDryHair_g10_c03 327
Clean_Data/Train/BlowDryHair/v_BlowDryHair_g10_c04 294
Clean_Data/Train/BlowDryHair/v_BlowDryHair_g10_c05 187
Clean_Data/Train/BlowDryHair/v_BlowDryHair_g10_c06 177
Clean_Data/Train/BlowDryHair/v_BlowDryHair_g10_c07 177
Clean_Data/Train/BlowDryHair/v_BlowDryHair_g09_c01 624
Clean_Data/Train/BlowDryHair/v_BlowDryHair_g09_c02 569
Clean_Data/Train/BlowDryHair/v_BlowDryHair_g09_c03 552
Clean_Data/Train/BlowDryHair/v_BlowDryHair_g09_c04 567
Clean_Data/Train/BlowDryHair/v_BlowDryHair_g01_c01 243
Clean_Data/Train/BlowDryHair/v_BlowDryHair_g01_c02 220
Clean_Data/Train/BlowDryHair/v_BlowDryHair_g01_c03 168
Clean_Data/Train/BlowDryHair/v_BlowDryHair_g01_c04 144
Clean_Data/Train/BlowDryHair/v_BlowDryHair_g03_c01 237
Clean_Data/Train/BlowDryHair/v_BlowDryHair_g03_c02 242
Clean_Data/Train/BlowDryHair/v_BlowDryHair_g03_c03 134
Clean_Data/Train/BlowDryHair/v_BlowDryHair_g03_c04 190
Clean_Data/Train/BlowDryHair/v_BlowDryHair_g03_c05 119
Clean_Data/Train/BlowDryHair/v_BlowDryHair_g06_c01 194
Clean_Data/Train/BlowDryHair/v_BlowDryHair_g06_c02 203
Clean_Data/Train/BlowDryHair/v_BlowDryHair_g06_c03 97
Clean_Data/Train/BlowDryHair/v_BlowDryHair_g06_c04 172
Clean_Data/Train/BlowDryHair/v_BlowDryHair_g06_c05 223
Clean_Data/Train/BlowDryHair/v_BlowDryHair_g06_c06 190
Clean_Data/Train/BlowDryHair/v_BlowDryHair_g06_c07 166
Clean_Data/Train/BlowDryHair/v_BlowDryHair_g11_c01 551
Clean_Data/Train/BlowDryHair/v_BlowDryHair_g11_c02 443
Clean_Data/Train/BlowDryHair/v_BlowDryHair_g11_c03 414
Clean_Data/Train/BlowDryHair/v_BlowDryHair_g11_c04 518
Clean_Data/Train/BlowDryHair/v_BlowDryHair_g11_c05 391
Clean_Data/Train/BlowDryHair/v_BlowDryHair_g11_c06 440
Clean_Data/Train/BlowDryHair/v_BlowDryHair_g11_c07 440
Clean_Data/Train/BlowDryHair/v_BlowDryHair_g15_c01 97
Clean_Data/Train/BlowDryHair/v_BlowDryHair_g15_c02 112
Clean_Data/Train/BlowDryHair/v_BlowDryHair_g15_c03 76
Clean_Data/Train/BlowDryHair/v_BlowDryHair_g15_c04 73
Clean_Data/Train/BlowDryHair/v_BlowDryHair_g15_c05 110
Clean_Data/Train/BlowDryHair/v_BlowDryHair_g17_c01 258
Clean_Data/Train/BlowDryHair/v_BlowDryHair_g17_c02 253
Clean_Data/Train/BlowDryHair/v_BlowDryHair_g17_c03 351
Clean_Data/Train/BlowDryHair/v_BlowDryHair_g17_c04 217
Clean_Data/Train/BlowDryHair/v_BlowDryHair_g17_c05 224
Clean_Data/Train/BlowDryHair/v_BlowDryHair_g12_c01 608
Clean_Data/Train/BlowDryHair/v_BlowDryHair_g12_c02 584
Clean_Data/Train/BlowDryHair/v_BlowDryHair_g12_c03 515
Clean_Data/Train/BlowDryHair/v_BlowDryHair_g12_c04 631
Clean_Data/Train/BlowDryHair/v_BlowDryHair_g12_c05 322
Clean_Data/Train/BlowDryHair/v_BlowDryHair_g12_c06 270
Clean_Data/Train/BlowDryHair/v_BlowDryHair_g05_c01 138
Clean_Data/Train/BlowDryHair/v_BlowDryHair_g05_c02 151
Clean_Data/Train/BlowDryHair/v_BlowDryHair_g05_c03 188
Clean_Data/Train/BlowDryHair/v_BlowDryHair_g05_c04 87
Clean_Data/Train/BlowDryHair/v_BlowDryHair_g05_c05 95
Clean_Data/Train/BlowDryHair/v_BlowDryHair_g07_c01 68
Clean_Data/Train/BlowDryHair/v_BlowDryHair_g07_c02 73
Clean_Data/Train/BlowDryHair/v_BlowDryHair_g07_c03 78
Clean_Data/Train/BlowDryHair/v_BlowDryHair_g07_c04 78
Clean_Data/Train/BlowDryHair/v_BlowDryHair_g07_c05 80
Clean_Data/Train/BlowDryHair/v_BlowDryHair_g07_c06 86
Clean_Data/Train/BlowDryHair/v_BlowDryHair_g07_c07 85
Clean_Data/Train/BlowDryHair/v_BlowDryHair_g14_c01 219
Clean_Data/Train/BlowDryHair/v_BlowDryHair_g14_c02 242
Clean_Data/Train/BlowDryHair/v_BlowDryHair_g14_c03 199
Clean_Data/Train/BlowDryHair/v_BlowDryHair_g14_c04 200
Clean_Data/Train/BlowDryHair/v_BlowDryHair_g14_c05 212
Clean_Data/Train/BlowDryHair/v_BlowDryHair_g18_c01 295
Clean_Data/Train/BlowDryHair/v_BlowDryHair_g18_c02 291
Clean_Data/Train/BlowDryHair/v_BlowDryHair_g18_c03 230
Clean_Data/Train/BlowDryHair/v_BlowDryHair_g18_c04 284
Clean_Data/Train/BlowDryHair/v_BlowDryHair_g18_c05 242
Clean_Data/Train/BlowDryHair/v_BlowDryHair_g13_c01 161
Clean_Data/Train/BlowDryHair/v_BlowDryHair_g13_c02 189
Clean_Data/Train/BlowDryHair/v_BlowDryHair_g13_c03 232
Clean_Data/Train/BlowDryHair/v_BlowDryHair_g13_c04 170
Clean_Data/Train/BlowDryHair/v_BlowDryHair_g08_c01 368
Clean_Data/Train/BlowDryHair/v_BlowDryHair_g08_c02 333
Clean_Data/Train/BlowDryHair/v_BlowDryHair_g08_c03 491
Clean_Data/Train/BlowDryHair/v_BlowDryHair_g08_c04 407
Clean_Data/Train/BlowDryHair/v_BlowDryHair_g08_c05 442
Clean_Data/Train/BlowDryHair/v_BlowDryHair_g08_c06 428
Clean_Data/Train/BlowDryHair/v_BlowDryHair_g08_c07 430
Clean_Data/Train/BlowDryHair/v_BlowDryHair_g02_c01 129
Clean_Data/Train/BlowDryHair/v_BlowDryHair_g02_c02 138
Clean_Data/Train/BlowDryHair/v_BlowDryHair_g02_c03 191
Clean_Data/Train/BlowDryHair/v_BlowDryHair_g02_c04 211
Clean_Data/Train/BlowDryHair/v_BlowDryHair_g02_c05 238
Clean_Data/Train/BlowDryHair/v_BlowDryHair_g16_c01 119
Clean_Data/Train/BlowDryHair/v_BlowDryHair_g16_c02 123
Clean_Data/Train/BlowDryHair/v_BlowDryHair_g16_c03 121
Clean_Data/Train/BlowDryHair/v_BlowDryHair_g16_c04 120
Clean_Data/Train/BlowDryHair/v_BlowDryHair_g21_c01 198
Clean_Data/Train/BlowDryHair/v_BlowDryHair_g21_c02 110
Clean_Data/Train/BlowDryHair/v_BlowDryHair_g21_c03 159
Clean_Data/Train/BlowDryHair/v_BlowDryHair_g21_c04 131
Clean_Data/Train/BlowDryHair/v_BlowDryHair_g21_c05 147
Clean_Data/Train/BlowDryHair/v_BlowDryHair_g21_c06 145
Clean_Data/Train/BlowingCandles/v_BlowingCandles_g23_c01 57
Clean_Data/Train/BlowingCandles/v_BlowingCandles_g23_c02 55
Clean_Data/Train/BlowingCandles/v_BlowingCandles_g23_c03 51
Clean_Data/Train/BlowingCandles/v_BlowingCandles_g23_c04 129
Clean_Data/Train/BlowingCandles/v_BlowingCandles_g10_c01 82
Clean_Data/Train/BlowingCandles/v_BlowingCandles_g10_c02 160
Clean_Data/Train/BlowingCandles/v_BlowingCandles_g10_c03 84
Clean_Data/Train/BlowingCandles/v_BlowingCandles_g10_c04 163
Clean_Data/Train/BlowingCandles/v_BlowingCandles_g22_c01 136
Clean_Data/Train/BlowingCandles/v_BlowingCandles_g22_c02 66
Clean_Data/Train/BlowingCandles/v_BlowingCandles_g22_c03 51
Clean_Data/Train/BlowingCandles/v_BlowingCandles_g22_c04 165
Clean_Data/Train/BlowingCandles/v_BlowingCandles_g01_c01 60
Clean_Data/Train/BlowingCandles/v_BlowingCandles_g01_c02 75
Clean_Data/Train/BlowingCandles/v_BlowingCandles_g01_c03 125
Clean_Data/Train/BlowingCandles/v_BlowingCandles_g01_c04 68
Clean_Data/Train/BlowingCandles/v_BlowingCandles_g09_c01 87
Clean_Data/Train/BlowingCandles/v_BlowingCandles_g09_c02 84
Clean_Data/Train/BlowingCandles/v_BlowingCandles_g09_c03 93
Clean_Data/Train/BlowingCandles/v_BlowingCandles_g09_c04 177
Clean_Data/Train/BlowingCandles/v_BlowingCandles_g07_c01 50
Clean_Data/Train/BlowingCandles/v_BlowingCandles_g07_c02 55
Clean_Data/Train/BlowingCandles/v_BlowingCandles_g07_c03 125
Clean_Data/Train/BlowingCandles/v_BlowingCandles_g07_c04 75
Clean_Data/Train/BlowingCandles/v_BlowingCandles_g20_c01 231
Clean_Data/Train/BlowingCandles/v_BlowingCandles_g20_c02 61
Clean_Data/Train/BlowingCandles/v_BlowingCandles_g20_c03 114
Clean_Data/Train/BlowingCandles/v_BlowingCandles_g20_c04 126
Clean_Data/Train/BlowingCandles/v_BlowingCandles_g16_c01 235
Clean_Data/Train/BlowingCandles/v_BlowingCandles_g16_c02 70
Clean_Data/Train/BlowingCandles/v_BlowingCandles_g16_c03 52
Clean_Data/Train/BlowingCandles/v_BlowingCandles_g16_c04 161
Clean_Data/Train/BlowingCandles/v_BlowingCandles_g04_c01 145
Clean_Data/Train/BlowingCandles/v_BlowingCandles_g04_c02 93
Clean_Data/Train/BlowingCandles/v_BlowingCandles_g04_c03 56
Clean_Data/Train/BlowingCandles/v_BlowingCandles_g04_c04 102
Clean_Data/Train/BlowingCandles/v_BlowingCandles_g04_c05 126
Clean_Data/Train/BlowingCandles/v_BlowingCandles_g02_c01 76
Clean_Data/Train/BlowingCandles/v_BlowingCandles_g02_c02 116
Clean_Data/Train/BlowingCandles/v_BlowingCandles_g02_c03 121
Clean_Data/Train/BlowingCandles/v_BlowingCandles_g02_c04Using TensorFlow backend.
 76
Clean_Data/Train/BlowingCandles/v_BlowingCandles_g24_c01 66
Clean_Data/Train/BlowingCandles/v_BlowingCandles_g24_c02 111
Clean_Data/Train/BlowingCandles/v_BlowingCandles_g24_c03 131
Clean_Data/Train/BlowingCandles/v_BlowingCandles_g24_c04 41
Clean_Data/Train/BlowingCandles/v_BlowingCandles_g05_c01 93
Clean_Data/Train/BlowingCandles/v_BlowingCandles_g05_c02 76
Clean_Data/Train/BlowingCandles/v_BlowingCandles_g05_c03 31
Traceback (most recent call last):
  File "train_large.py", line 45, in <module>
    train();
  File "train_large.py", line 35, in train
    X,y = datamodel.load_all_in_memory(datamodel.trainlist)
  File "/work/Helium/ML/datagen.py", line 103, in load_all_in_memory
    imagelist = sample_x_images(each_file[0],self.sampling_rate)
  File "/work/Helium/ML/create_images.py", line 47, in sample_x_images
    my_indices = range(0,length,skip)[:sampling_rate]
ValueError: range() arg 3 must not be zero
